Using pre-set license
Built from '2020.3/staging' branch; Version is '2020.3.5f1 (8095aa901b9b) revision 8426922'; Using compiler version '192528614'; Build Type 'Release'
OS: 'Windows 10 Education; OS build 19044.1288; Version 2009; 64bit' Language: 'en' Physical Memory: 32726 MB
BatchMode: 1, IsHumanControllingUs: 0, StartBugReporterOnCrash: 0, Is64bit: 1, IsPro: 0

 COMMAND LINE ARGUMENTS:
C:\Program Files\Unity\Hub\Editor\2020.3.5f1\Editor\Unity.exe
-adb2
-batchMode
-noUpm
-name
AssetImportWorker0
-projectPath
C:/Users/s213381/Downloads/2020SpaceShooter_BROKEN/[name]
-logFile
Logs/AssetImportWorker0.log
-srvPort
56428
Successfully changed project path to: C:/Users/s213381/Downloads/2020SpaceShooter_BROKEN/[name]
C:/Users/s213381/Downloads/2020SpaceShooter_BROKEN/[name]
Using Asset Import Pipeline V2.
Refreshing native plugins compatible for Editor in 32.78 ms, found 1 plugins.
Preloading 0 native plugins for Editor in 0.00 ms.
Initialize engine version: 2020.3.5f1 (8095aa901b9b)
[Subsystems] Discovering subsystems at path C:/Program Files/Unity/Hub/Editor/2020.3.5f1/Editor/Data/Resources/UnitySubsystems
[Subsystems] Discovering subsystems at path C:/Users/s213381/Downloads/2020SpaceShooter_BROKEN/[name]/Assets
GfxDevice: creating device client; threaded=0
Direct3D:
    Version:  Direct3D 11.0 [level 11.1]
    Renderer: NVIDIA GeForce GTX 1060 3GB (ID=0x1c02)
    Vendor:   
    VRAM:     2988 MB
    Driver:   30.0.14.9676
Initialize mono
Mono path[0] = 'C:/Program Files/Unity/Hub/Editor/2020.3.5f1/Editor/Data/Managed'
Mono path[1] = 'C:/Program Files/Unity/Hub/Editor/2020.3.5f1/Editor/Data/MonoBleedingEdge/lib/mono/unityjit'
Mono config path = 'C:/Program Files/Unity/Hub/Editor/2020.3.5f1/Editor/Data/MonoBleedingEdge/etc'
Using monoOptions --debugger-agent=transport=dt_socket,embedding=1,server=y,suspend=n,address=127.0.0.1:56028
Begin MonoManager ReloadAssembly
Registering precompiled unity dll's ...
Register platform support module: C:/Program Files/Unity/Hub/Editor/2020.3.5f1/Editor/Data/PlaybackEngines/WebGLSupport/UnityEditor.WebGL.Extensions.dll
Register platform support module: C:/Program Files/Unity/Hub/Editor/2020.3.5f1/Editor/Data/PlaybackEngines/WindowsStandaloneSupport/UnityEditor.WindowsStandalone.Extensions.dll
Registered in 0.001856 seconds.
Native extension for WindowsStandalone target not found
Native extension for WebGL target not found
Refreshing native plugins compatible for Editor in 33.25 ms, found 1 plugins.
Preloading 0 native plugins for Editor in 0.00 ms.
Mono: successfully reloaded assembly
- Completed reload, in  2.137 seconds
Platform modules already initialized, skipping
Registering precompiled user dll's ...
Registered in 0.000837 seconds.
Begin MonoManager ReloadAssembly
Native extension for WindowsStandalone target not found
Native extension for WebGL target not found
Refreshing native plugins compatible for Editor in 33.31 ms, found 1 plugins.
Preloading 0 native plugins for Editor in 0.00 ms.
Mono: successfully reloaded assembly
- Completed reload, in  0.882 seconds
Platform modules already initialized, skipping
========================================================================
Worker process is ready to serve import requests
Launched and connected shader compiler UnityShaderCompiler.exe after 0.03 seconds
Refreshing native plugins compatible for Editor in 0.35 ms, found 1 plugins.
Preloading 0 native plugins for Editor in 0.00 ms.
Unloading 1813 Unused Serialized files (Serialized files now loaded: 0)
System memory in use before: 85.0 MB.
System memory in use after: 84.9 MB.

Unloading 24 unused Assets to reduce memory usage. Loaded Objects now: 2255.
Total: 2.035300 ms (FindLiveObjects: 0.165900 ms CreateObjectMapping: 0.081600 ms MarkObjects: 1.676500 ms  DeleteObjects: 0.110500 ms)

========================================================================
Received Import Request.
  path: Assets/scripts/activateBox.cs
  artifactKey: Guid(b4f9140501720604784497676c0e2de9) Importer(815301076,1909f56bfc062723c751e8b465ee728b)
Start importing Assets/scripts/activateBox.cs using Guid(b4f9140501720604784497676c0e2de9) Importer(815301076,1909f56bfc062723c751e8b465ee728b)  -> (artifact id: '7a7c89934b6599e61c60b74c2a098d81') in 0.045951 seconds
  Import took 0.048737 seconds .

========================================================================
Received Prepare
Refreshing native plugins compatible for Editor in 2.75 ms, found 1 plugins.
Preloading 0 native plugins for Editor in 0.00 ms.
Unloading 10 Unused Serialized files (Serialized files now loaded: 0)
System memory in use before: 49.2 MB.
System memory in use after: 49.2 MB.

Unloading 10 unused Assets to reduce memory usage. Loaded Objects now: 2255.
Total: 9.810000 ms (FindLiveObjects: 7.394900 ms CreateObjectMapping: 0.127400 ms MarkObjects: 2.190400 ms  DeleteObjects: 0.096000 ms)

========================================================================
Received Import Request.
  Time since last request: 36.040066 seconds.
  path: Assets/scripts/activatebox_left.cs
  artifactKey: Guid(eeef490f93939934eb314a8dda59f4ba) Importer(815301076,1909f56bfc062723c751e8b465ee728b)
Start importing Assets/scripts/activatebox_left.cs using Guid(eeef490f93939934eb314a8dda59f4ba) Importer(815301076,1909f56bfc062723c751e8b465ee728b)  -> (artifact id: 'e6d5aed8e5fedbccf5108fed4a8e5cba') in 0.007883 seconds
  Import took 0.011106 seconds .

========================================================================
Received Prepare
Registering precompiled user dll's ...
Registered in 0.000920 seconds.
Begin MonoManager ReloadAssembly
Native extension for WindowsStandalone target not found
Native extension for WebGL target not found
Refreshing native plugins compatible for Editor in 0.68 ms, found 1 plugins.
Preloading 0 native plugins for Editor in 0.00 ms.
Mono: successfully reloaded assembly
- Completed reload, in  0.871 seconds
Platform modules already initialized, skipping
Refreshing native plugins compatible for Editor in 0.33 ms, found 1 plugins.
Preloading 0 native plugins for Editor in 0.00 ms.
Unloading 1809 Unused Serialized files (Serialized files now loaded: 0)
System memory in use before: 84.9 MB.
System memory in use after: 84.9 MB.

Unloading 12 unused Assets to reduce memory usage. Loaded Objects now: 2260.
Total: 2.291900 ms (FindLiveObjects: 0.204700 ms CreateObjectMapping: 0.077600 ms MarkObjects: 1.897900 ms  DeleteObjects: 0.110500 ms)

========================================================================
Received Prepare
Registering precompiled user dll's ...
Registered in 0.000800 seconds.
Begin MonoManager ReloadAssembly
Native extension for WindowsStandalone target not found
Native extension for WebGL target not found
Refreshing native plugins compatible for Editor in 0.32 ms, found 1 plugins.
Preloading 0 native plugins for Editor in 0.00 ms.
Mono: successfully reloaded assembly
- Completed reload, in  0.837 seconds
Platform modules already initialized, skipping
Refreshing native plugins compatible for Editor in 0.37 ms, found 1 plugins.
Preloading 0 native plugins for Editor in 0.00 ms.
Unloading 1809 Unused Serialized files (Serialized files now loaded: 0)
System memory in use before: 85.0 MB.
System memory in use after: 85.0 MB.

Unloading 12 unused Assets to reduce memory usage. Loaded Objects now: 2264.
Total: 2.035500 ms (FindLiveObjects: 0.181300 ms CreateObjectMapping: 0.046000 ms MarkObjects: 1.675600 ms  DeleteObjects: 0.131700 ms)

========================================================================
Received Import Request.
  Time since last request: 250.960441 seconds.
  path: Assets/scripts/activatebox_left.cs
  artifactKey: Guid(eeef490f93939934eb314a8dda59f4ba) Importer(815301076,1909f56bfc062723c751e8b465ee728b)
Start importing Assets/scripts/activatebox_left.cs using Guid(eeef490f93939934eb314a8dda59f4ba) Importer(815301076,1909f56bfc062723c751e8b465ee728b)  -> (artifact id: 'a8c26e510c7a40d6ff8b2634cdae51f5') in 0.009645 seconds
  Import took 0.012767 seconds .

========================================================================
Received Prepare
Registering precompiled user dll's ...
Registered in 0.000965 seconds.
Begin MonoManager ReloadAssembly
Native extension for WindowsStandalone target not found
Native extension for WebGL target not found
Refreshing native plugins compatible for Editor in 0.31 ms, found 1 plugins.
Preloading 0 native plugins for Editor in 0.00 ms.
Mono: successfully reloaded assembly
- Completed reload, in  0.837 seconds
Platform modules already initialized, skipping
Refreshing native plugins compatible for Editor in 0.30 ms, found 1 plugins.
Preloading 0 native plugins for Editor in 0.00 ms.
Unloading 1809 Unused Serialized files (Serialized files now loaded: 0)
System memory in use before: 85.0 MB.
System memory in use after: 85.0 MB.

Unloading 12 unused Assets to reduce memory usage. Loaded Objects now: 2268.
Total: 3.518600 ms (FindLiveObjects: 0.297300 ms CreateObjectMapping: 0.110200 ms MarkObjects: 2.935700 ms  DeleteObjects: 0.173400 ms)

========================================================================
Received Import Request.
  Time since last request: 53.569732 seconds.
  path: Assets/scripts/activatebox_Left1.cs
  artifactKey: Guid(184d443b93dc89a4d9dcf9cb0faf8787) Importer(815301076,1909f56bfc062723c751e8b465ee728b)
Start importing Assets/scripts/activatebox_Left1.cs using Guid(184d443b93dc89a4d9dcf9cb0faf8787) Importer(815301076,1909f56bfc062723c751e8b465ee728b)  -> (artifact id: '785b32787a09cc9babd884718dd456b0') in 0.007884 seconds
  Import took 0.011487 seconds .

========================================================================
Received Prepare
Registering precompiled user dll's ...
Registered in 0.000792 seconds.
Begin MonoManager ReloadAssembly
Native extension for WindowsStandalone target not found
Native extension for WebGL target not found
Refreshing native plugins compatible for Editor in 0.31 ms, found 1 plugins.
Preloading 0 native plugins for Editor in 0.00 ms.
Mono: successfully reloaded assembly
- Completed reload, in  0.904 seconds
Platform modules already initialized, skipping
Refreshing native plugins compatible for Editor in 0.30 ms, found 1 plugins.
Preloading 0 native plugins for Editor in 0.00 ms.
Unloading 1809 Unused Serialized files (Serialized files now loaded: 0)
System memory in use before: 85.0 MB.
System memory in use after: 85.0 MB.

Unloading 12 unused Assets to reduce memory usage. Loaded Objects now: 2272.
Total: 2.149700 ms (FindLiveObjects: 0.209900 ms CreateObjectMapping: 0.060900 ms MarkObjects: 1.751400 ms  DeleteObjects: 0.126600 ms)

========================================================================
Received Import Request.
  Time since last request: 10.977963 seconds.
  path: Assets/scripts/activatebox_left.cs
  artifactKey: Guid(eeef490f93939934eb314a8dda59f4ba) Importer(815301076,1909f56bfc062723c751e8b465ee728b)
Start importing Assets/scripts/activatebox_left.cs using Guid(eeef490f93939934eb314a8dda59f4ba) Importer(815301076,1909f56bfc062723c751e8b465ee728b)  -> (artifact id: 'af1341ec7ca7b78baa43ce9adb987f42') in 0.004286 seconds
  Import took 0.007540 seconds .

========================================================================
Received Prepare
Registering precompiled user dll's ...
Registered in 0.000831 seconds.
Begin MonoManager ReloadAssembly
Native extension for WindowsStandalone target not found
Native extension for WebGL target not found
Refreshing native plugins compatible for Editor in 0.30 ms, found 1 plugins.
Preloading 0 native plugins for Editor in 0.00 ms.
Mono: successfully reloaded assembly
- Completed reload, in  0.808 seconds
Platform modules already initialized, skipping
Refreshing native plugins compatible for Editor in 0.30 ms, found 1 plugins.
Preloading 0 native plugins for Editor in 0.00 ms.
Unloading 1808 Unused Serialized files (Serialized files now loaded: 0)
System memory in use before: 85.0 MB.
System memory in use after: 85.0 MB.

Unloading 13 unused Assets to reduce memory usage. Loaded Objects now: 2275.
Total: 2.034500 ms (FindLiveObjects: 0.214400 ms CreateObjectMapping: 0.089300 ms MarkObjects: 1.568900 ms  DeleteObjects: 0.160300 ms)

========================================================================
Received Import Request.
  Time since last request: 55.492941 seconds.
  path: Assets/scripts/activateBoxLeft.cs
  artifactKey: Guid(9bae2f3a1c0c66e43803b1aa3d5bbfcf) Importer(815301076,1909f56bfc062723c751e8b465ee728b)
Start importing Assets/scripts/activateBoxLeft.cs using Guid(9bae2f3a1c0c66e43803b1aa3d5bbfcf) Importer(815301076,1909f56bfc062723c751e8b465ee728b)  -> (artifact id: '98232b72a235aa6488da185265a148c8') in 0.009443 seconds
  Import took 0.012321 seconds .

========================================================================
Received Prepare
Registering precompiled user dll's ...
Registered in 0.001224 seconds.
Begin MonoManager ReloadAssembly
Native extension for WindowsStandalone target not found
Native extension for WebGL target not found
Refreshing native plugins compatible for Editor in 0.31 ms, found 1 plugins.
Preloading 0 native plugins for Editor in 0.00 ms.
Mono: successfully reloaded assembly
- Completed reload, in  0.864 seconds
Platform modules already initialized, skipping
Refreshing native plugins compatible for Editor in 0.31 ms, found 1 plugins.
Preloading 0 native plugins for Editor in 0.00 ms.
Unloading 1809 Unused Serialized files (Serialized files now loaded: 0)
System memory in use before: 85.0 MB.
System memory in use after: 85.0 MB.

Unloading 12 unused Assets to reduce memory usage. Loaded Objects now: 2280.
Total: 2.052900 ms (FindLiveObjects: 0.145900 ms CreateObjectMapping: 0.049600 ms MarkObjects: 1.733300 ms  DeleteObjects: 0.123400 ms)

========================================================================
Received Prepare
Registering precompiled user dll's ...
Registered in 0.000967 seconds.
Begin MonoManager ReloadAssembly
Native extension for WindowsStandalone target not found
Native extension for WebGL target not found
Refreshing native plugins compatible for Editor in 0.30 ms, found 1 plugins.
Preloading 0 native plugins for Editor in 0.00 ms.
Mono: successfully reloaded assembly
- Completed reload, in  0.834 seconds
Platform modules already initialized, skipping
Refreshing native plugins compatible for Editor in 0.34 ms, found 1 plugins.
Preloading 0 native plugins for Editor in 0.00 ms.
Unloading 1809 Unused Serialized files (Serialized files now loaded: 0)
System memory in use before: 85.1 MB.
System memory in use after: 85.0 MB.

Unloading 12 unused Assets to reduce memory usage. Loaded Objects now: 2284.
Total: 2.061400 ms (FindLiveObjects: 0.253500 ms CreateObjectMapping: 0.064800 ms MarkObjects: 1.614800 ms  DeleteObjects: 0.127600 ms)

========================================================================
Received Import Request.
  Time since last request: 36.874468 seconds.
  path: Assets/scripts/activateBoxLeft.cs
  artifactKey: Guid(9bae2f3a1c0c66e43803b1aa3d5bbfcf) Importer(815301076,1909f56bfc062723c751e8b465ee728b)
Start importing Assets/scripts/activateBoxLeft.cs using Guid(9bae2f3a1c0c66e43803b1aa3d5bbfcf) Importer(815301076,1909f56bfc062723c751e8b465ee728b)  -> (artifact id: 'ee611ead6eadaaa6504940dc4356311d') in 0.003845 seconds
  Import took 0.007304 seconds .

========================================================================
Received Prepare
Registering precompiled user dll's ...
Registered in 0.000819 seconds.
Begin MonoManager ReloadAssembly
Native extension for WindowsStandalone target not found
Native extension for WebGL target not found
Refreshing native plugins compatible for Editor in 0.56 ms, found 1 plugins.
Preloading 0 native plugins for Editor in 0.00 ms.
Mono: successfully reloaded assembly
- Completed reload, in  0.922 seconds
Platform modules already initialized, skipping
Refreshing native plugins compatible for Editor in 0.31 ms, found 1 plugins.
Preloading 0 native plugins for Editor in 0.00 ms.
Unloading 1810 Unused Serialized files (Serialized files now loaded: 0)
System memory in use before: 85.1 MB.
System memory in use after: 85.1 MB.

Unloading 12 unused Assets to reduce memory usage. Loaded Objects now: 2289.
Total: 2.460300 ms (FindLiveObjects: 0.272400 ms CreateObjectMapping: 0.091300 ms MarkObjects: 1.961500 ms  DeleteObjects: 0.134000 ms)

========================================================================
Received Import Request.
  Time since last request: 66.634672 seconds.
  path: Assets/scripts/activateBoxRight.cs
  artifactKey: Guid(d2be764fa2320d54fa9bdcb7ede6f166) Importer(815301076,1909f56bfc062723c751e8b465ee728b)
Start importing Assets/scripts/activateBoxRight.cs using Guid(d2be764fa2320d54fa9bdcb7ede6f166) Importer(815301076,1909f56bfc062723c751e8b465ee728b)  -> (artifact id: '8856212a47523a745e2a9f6320ed1c13') in 0.007125 seconds
  Import took 0.009669 seconds .

========================================================================
Received Prepare
Registering precompiled user dll's ...
Registered in 0.000816 seconds.
Begin MonoManager ReloadAssembly
Native extension for WindowsStandalone target not found
Native extension for WebGL target not found
Refreshing native plugins compatible for Editor in 0.33 ms, found 1 plugins.
Preloading 0 native plugins for Editor in 0.00 ms.
Mono: successfully reloaded assembly
- Completed reload, in  0.852 seconds
Platform modules already initialized, skipping
Refreshing native plugins compatible for Editor in 0.31 ms, found 1 plugins.
Preloading 0 native plugins for Editor in 0.00 ms.
Unloading 1810 Unused Serialized files (Serialized files now loaded: 0)
System memory in use before: 85.1 MB.
System memory in use after: 85.1 MB.

Unloading 12 unused Assets to reduce memory usage. Loaded Objects now: 2293.
Total: 2.164000 ms (FindLiveObjects: 0.364800 ms CreateObjectMapping: 0.129400 ms MarkObjects: 1.539000 ms  DeleteObjects: 0.129500 ms)

========================================================================
Received Prepare
Registering precompiled user dll's ...
Registered in 0.001532 seconds.
Begin MonoManager ReloadAssembly
Native extension for WindowsStandalone target not found
Native extension for WebGL target not found
Refreshing native plugins compatible for Editor in 0.30 ms, found 1 plugins.
Preloading 0 native plugins for Editor in 0.00 ms.
Mono: successfully reloaded assembly
- Completed reload, in  0.788 seconds
Platform modules already initialized, skipping
Refreshing native plugins compatible for Editor in 0.40 ms, found 1 plugins.
Preloading 0 native plugins for Editor in 0.00 ms.
Unloading 1810 Unused Serialized files (Serialized files now loaded: 0)
System memory in use before: 85.1 MB.
System memory in use after: 85.1 MB.

Unloading 12 unused Assets to reduce memory usage. Loaded Objects now: 2297.
Total: 2.130100 ms (FindLiveObjects: 0.163600 ms CreateObjectMapping: 0.059200 ms MarkObjects: 1.779500 ms  DeleteObjects: 0.126700 ms)

========================================================================
Received Import Request.
  Time since last request: 85.915120 seconds.
  path: Assets/scripts/activateBoxRight.cs
  artifactKey: Guid(d2be764fa2320d54fa9bdcb7ede6f166) Importer(815301076,1909f56bfc062723c751e8b465ee728b)
Start importing Assets/scripts/activateBoxRight.cs using Guid(d2be764fa2320d54fa9bdcb7ede6f166) Importer(815301076,1909f56bfc062723c751e8b465ee728b)  -> (artifact id: 'b29991c96fc3c9632e1272050a8a8087') in 0.004176 seconds
  Import took 0.006985 seconds .

========================================================================
Received Import Request.
  Time since last request: 0.000610 seconds.
  path: Assets/scripts/activateBoxRight.cs
  artifactKey: Guid(d2be764fa2320d54fa9bdcb7ede6f166) Importer(815301076,1909f56bfc062723c751e8b465ee728b)
Start importing Assets/scripts/activateBoxRight.cs using Guid(d2be764fa2320d54fa9bdcb7ede6f166) Importer(815301076,1909f56bfc062723c751e8b465ee728b)  -> (artifact id: 'b29991c96fc3c9632e1272050a8a8087') in 0.001934 seconds
  Import took 0.004705 seconds .

========================================================================
Received Import Request.
  Time since last request: 44.527872 seconds.
  path: Assets/scripts/activateBoxUp.cs
  artifactKey: Guid(1a6df5cea36aee441ba23a74d446bf4c) Importer(815301076,1909f56bfc062723c751e8b465ee728b)
Start importing Assets/scripts/activateBoxUp.cs using Guid(1a6df5cea36aee441ba23a74d446bf4c) Importer(815301076,1909f56bfc062723c751e8b465ee728b)  -> (artifact id: '8074b53a7f731872c1515ec659a95780') in 0.007787 seconds
  Import took 0.012100 seconds .

========================================================================
Received Prepare
Registering precompiled user dll's ...
Registered in 0.000777 seconds.
Begin MonoManager ReloadAssembly
Native extension for WindowsStandalone target not found
Native extension for WebGL target not found
Refreshing native plugins compatible for Editor in 0.30 ms, found 1 plugins.
Preloading 0 native plugins for Editor in 0.00 ms.
Mono: successfully reloaded assembly
- Completed reload, in  0.853 seconds
Platform modules already initialized, skipping
Refreshing native plugins compatible for Editor in 0.30 ms, found 1 plugins.
Preloading 0 native plugins for Editor in 0.00 ms.
Unloading 1811 Unused Serialized files (Serialized files now loaded: 0)
System memory in use before: 85.1 MB.
System memory in use after: 85.1 MB.

Unloading 12 unused Assets to reduce memory usage. Loaded Objects now: 2302.
Total: 2.343100 ms (FindLiveObjects: 0.226900 ms CreateObjectMapping: 0.069700 ms MarkObjects: 1.891800 ms  DeleteObjects: 0.153200 ms)

========================================================================
Received Prepare
Registering precompiled user dll's ...
Registered in 0.000807 seconds.
Begin MonoManager ReloadAssembly
Native extension for WindowsStandalone target not found
Native extension for WebGL target not found
Refreshing native plugins compatible for Editor in 0.31 ms, found 1 plugins.
Preloading 0 native plugins for Editor in 0.00 ms.
Mono: successfully reloaded assembly
- Completed reload, in  0.804 seconds
Platform modules already initialized, skipping
Refreshing native plugins compatible for Editor in 0.30 ms, found 1 plugins.
Preloading 0 native plugins for Editor in 0.00 ms.
Unloading 1811 Unused Serialized files (Serialized files now loaded: 0)
System memory in use before: 85.1 MB.
System memory in use after: 85.1 MB.

Unloading 12 unused Assets to reduce memory usage. Loaded Objects now: 2306.
Total: 2.142300 ms (FindLiveObjects: 0.208200 ms CreateObjectMapping: 0.087600 ms MarkObjects: 1.711400 ms  DeleteObjects: 0.133500 ms)

========================================================================
Received Prepare
Registering precompiled user dll's ...
Registered in 0.000768 seconds.
Begin MonoManager ReloadAssembly
Native extension for WindowsStandalone target not found
Native extension for WebGL target not found
Refreshing native plugins compatible for Editor in 0.45 ms, found 1 plugins.
Preloading 0 native plugins for Editor in 0.00 ms.
Mono: successfully reloaded assembly
- Completed reload, in  0.788 seconds
Platform modules already initialized, skipping
Refreshing native plugins compatible for Editor in 0.30 ms, found 1 plugins.
Preloading 0 native plugins for Editor in 0.00 ms.
Unloading 1811 Unused Serialized files (Serialized files now loaded: 0)
System memory in use before: 85.1 MB.
System memory in use after: 85.1 MB.

Unloading 12 unused Assets to reduce memory usage. Loaded Objects now: 2310.
Total: 2.515500 ms (FindLiveObjects: 0.252700 ms CreateObjectMapping: 0.082100 ms MarkObjects: 2.024400 ms  DeleteObjects: 0.155300 ms)

========================================================================
Received Prepare
Registering precompiled user dll's ...
Registered in 0.002088 seconds.
Begin MonoManager ReloadAssembly
Native extension for WindowsStandalone target not found
Native extension for WebGL target not found
Refreshing native plugins compatible for Editor in 0.31 ms, found 1 plugins.
Preloading 0 native plugins for Editor in 0.00 ms.
Mono: successfully reloaded assembly
- Completed reload, in  1.038 seconds
Platform modules already initialized, skipping
Refreshing native plugins compatible for Editor in 0.38 ms, found 1 plugins.
Preloading 0 native plugins for Editor in 0.00 ms.
Unloading 1811 Unused Serialized files (Serialized files now loaded: 0)
System memory in use before: 85.2 MB.
System memory in use after: 85.1 MB.

Unloading 12 unused Assets to reduce memory usage. Loaded Objects now: 2314.
Total: 2.023600 ms (FindLiveObjects: 0.184400 ms CreateObjectMapping: 0.062000 ms MarkObjects: 1.673500 ms  DeleteObjects: 0.102500 ms)

========================================================================
Received Prepare
Registering precompiled user dll's ...
Registered in 0.000966 seconds.
Begin MonoManager ReloadAssembly
Native extension for WindowsStandalone target not found
Native extension for WebGL target not found
Refreshing native plugins compatible for Editor in 0.45 ms, found 1 plugins.
Preloading 0 native plugins for Editor in 0.00 ms.
Mono: successfully reloaded assembly
- Completed reload, in  0.988 seconds
Platform modules already initialized, skipping
Refreshing native plugins compatible for Editor in 0.34 ms, found 1 plugins.
Preloading 0 native plugins for Editor in 0.00 ms.
Unloading 1811 Unused Serialized files (Serialized files now loaded: 0)
System memory in use before: 85.2 MB.
System memory in use after: 85.1 MB.

Unloading 12 unused Assets to reduce memory usage. Loaded Objects now: 2318.
Total: 2.289600 ms (FindLiveObjects: 0.288800 ms CreateObjectMapping: 0.119900 ms MarkObjects: 1.781400 ms  DeleteObjects: 0.097600 ms)

========================================================================
Received Import Request.
  Time since last request: 7105.789806 seconds.
  path: Assets/scripts/activateBox.cs
  artifactKey: Guid(b4f9140501720604784497676c0e2de9) Importer(815301076,1909f56bfc062723c751e8b465ee728b)
Start importing Assets/scripts/activateBox.cs using Guid(b4f9140501720604784497676c0e2de9) Importer(815301076,1909f56bfc062723c751e8b465ee728b)  -> (artifact id: '7dc9892aac0456062e07da034fe350d4') in 0.008137 seconds
  Import took 0.011024 seconds .

========================================================================
Received Prepare
Registering precompiled user dll's ...
Registered in 0.001213 seconds.
Begin MonoManager ReloadAssembly
Native extension for WindowsStandalone target not found
Native extension for WebGL target not found
Refreshing native plugins compatible for Editor in 0.44 ms, found 1 plugins.
Preloading 0 native plugins for Editor in 0.00 ms.
Mono: successfully reloaded assembly
- Completed reload, in  0.802 seconds
Platform modules already initialized, skipping
Refreshing native plugins compatible for Editor in 0.36 ms, found 1 plugins.
Preloading 0 native plugins for Editor in 0.00 ms.
Unloading 1811 Unused Serialized files (Serialized files now loaded: 0)
System memory in use before: 85.2 MB.
System memory in use after: 85.1 MB.

Unloading 12 unused Assets to reduce memory usage. Loaded Objects now: 2322.
Total: 2.080300 ms (FindLiveObjects: 0.231300 ms CreateObjectMapping: 0.091800 ms MarkObjects: 1.624400 ms  DeleteObjects: 0.131400 ms)

========================================================================
Received Prepare
Registering precompiled user dll's ...
Registered in 0.000989 seconds.
Begin MonoManager ReloadAssembly
Native extension for WindowsStandalone target not found
Native extension for WebGL target not found
Refreshing native plugins compatible for Editor in 0.35 ms, found 1 plugins.
Preloading 0 native plugins for Editor in 0.00 ms.
Mono: successfully reloaded assembly
- Completed reload, in  0.787 seconds
Platform modules already initialized, skipping
Refreshing native plugins compatible for Editor in 0.30 ms, found 1 plugins.
Preloading 0 native plugins for Editor in 0.00 ms.
Unloading 1811 Unused Serialized files (Serialized files now loaded: 0)
System memory in use before: 85.2 MB.
System memory in use after: 85.2 MB.

Unloading 12 unused Assets to reduce memory usage. Loaded Objects now: 2326.
Total: 2.231600 ms (FindLiveObjects: 0.246400 ms CreateObjectMapping: 0.071200 ms MarkObjects: 1.776300 ms  DeleteObjects: 0.136300 ms)

========================================================================
Received Prepare
Registering precompiled user dll's ...
Registered in 0.000981 seconds.
Begin MonoManager ReloadAssembly
Native extension for WindowsStandalone target not found
Native extension for WebGL target not found
Refreshing native plugins compatible for Editor in 0.41 ms, found 1 plugins.
Preloading 0 native plugins for Editor in 0.00 ms.
Mono: successfully reloaded assembly
- Completed reload, in  0.811 seconds
Platform modules already initialized, skipping
Refreshing native plugins compatible for Editor in 0.30 ms, found 1 plugins.
Preloading 0 native plugins for Editor in 0.00 ms.
Unloading 1811 Unused Serialized files (Serialized files now loaded: 0)
System memory in use before: 85.2 MB.
System memory in use after: 85.2 MB.

Unloading 12 unused Assets to reduce memory usage. Loaded Objects now: 2330.
Total: 2.938700 ms (FindLiveObjects: 0.314000 ms CreateObjectMapping: 0.179200 ms MarkObjects: 2.322800 ms  DeleteObjects: 0.120500 ms)

========================================================================
Received Prepare
Registering precompiled user dll's ...
Registered in 0.000904 seconds.
Begin MonoManager ReloadAssembly
Native extension for WindowsStandalone target not found
Native extension for WebGL target not found
Refreshing native plugins compatible for Editor in 0.36 ms, found 1 plugins.
Preloading 0 native plugins for Editor in 0.00 ms.
Mono: successfully reloaded assembly
- Completed reload, in  0.814 seconds
Platform modules already initialized, skipping
Refreshing native plugins compatible for Editor in 0.37 ms, found 1 plugins.
Preloading 0 native plugins for Editor in 0.00 ms.
Unloading 1811 Unused Serialized files (Serialized files now loaded: 0)
System memory in use before: 85.2 MB.
System memory in use after: 85.2 MB.

Unloading 12 unused Assets to reduce memory usage. Loaded Objects now: 2334.
Total: 2.317500 ms (FindLiveObjects: 0.264800 ms CreateObjectMapping: 0.111100 ms MarkObjects: 1.787000 ms  DeleteObjects: 0.153000 ms)

========================================================================
Received Prepare
Registering precompiled user dll's ...
Registered in 0.000992 seconds.
Begin MonoManager ReloadAssembly
Native extension for WindowsStandalone target not found
Native extension for WebGL target not found
Refreshing native plugins compatible for Editor in 0.33 ms, found 1 plugins.
Preloading 0 native plugins for Editor in 0.00 ms.
Mono: successfully reloaded assembly
- Completed reload, in  1.049 seconds
Platform modules already initialized, skipping
Refreshing native plugins compatible for Editor in 0.48 ms, found 1 plugins.
Preloading 0 native plugins for Editor in 0.00 ms.
Unloading 1811 Unused Serialized files (Serialized files now loaded: 0)
System memory in use before: 85.2 MB.
System memory in use after: 85.2 MB.

Unloading 12 unused Assets to reduce memory usage. Loaded Objects now: 2338.
Total: 1.951800 ms (FindLiveObjects: 0.171000 ms CreateObjectMapping: 0.106500 ms MarkObjects: 1.583400 ms  DeleteObjects: 0.089700 ms)

========================================================================
Received Prepare
Registering precompiled user dll's ...
Registered in 0.001129 seconds.
Begin MonoManager ReloadAssembly
Native extension for WindowsStandalone target not found
Native extension for WebGL target not found
Refreshing native plugins compatible for Editor in 0.31 ms, found 1 plugins.
Preloading 0 native plugins for Editor in 0.00 ms.
Mono: successfully reloaded assembly
- Completed reload, in  0.793 seconds
Platform modules already initialized, skipping
Refreshing native plugins compatible for Editor in 0.30 ms, found 1 plugins.
Preloading 0 native plugins for Editor in 0.00 ms.
Unloading 1811 Unused Serialized files (Serialized files now loaded: 0)
System memory in use before: 85.2 MB.
System memory in use after: 85.2 MB.

Unloading 12 unused Assets to reduce memory usage. Loaded Objects now: 2342.
Total: 2.712600 ms (FindLiveObjects: 0.344200 ms CreateObjectMapping: 0.093300 ms MarkObjects: 2.097500 ms  DeleteObjects: 0.162200 ms)

========================================================================
Received Prepare
Registering precompiled user dll's ...
Registered in 0.000919 seconds.
Begin MonoManager ReloadAssembly
Native extension for WindowsStandalone target not found
Native extension for WebGL target not found
Refreshing native plugins compatible for Editor in 0.31 ms, found 1 plugins.
Preloading 0 native plugins for Editor in 0.00 ms.
Mono: successfully reloaded assembly
- Completed reload, in  0.823 seconds
Platform modules already initialized, skipping
Refreshing native plugins compatible for Editor in 0.29 ms, found 1 plugins.
Preloading 0 native plugins for Editor in 0.00 ms.
Unloading 1811 Unused Serialized files (Serialized files now loaded: 0)
System memory in use before: 85.2 MB.
System memory in use after: 85.2 MB.

Unloading 12 unused Assets to reduce memory usage. Loaded Objects now: 2346.
Total: 2.037100 ms (FindLiveObjects: 0.201200 ms CreateObjectMapping: 0.073600 ms MarkObjects: 1.642800 ms  DeleteObjects: 0.118200 ms)

========================================================================
Received Prepare
Registering precompiled user dll's ...
Registered in 0.001060 seconds.
Begin MonoManager ReloadAssembly
Native extension for WindowsStandalone target not found
Native extension for WebGL target not found
Refreshing native plugins compatible for Editor in 0.32 ms, found 1 plugins.
Preloading 0 native plugins for Editor in 0.00 ms.
Mono: successfully reloaded assembly
- Completed reload, in  0.797 seconds
Platform modules already initialized, skipping
Refreshing native plugins compatible for Editor in 0.30 ms, found 1 plugins.
Preloading 0 native plugins for Editor in 0.00 ms.
Unloading 1811 Unused Serialized files (Serialized files now loaded: 0)
System memory in use before: 85.2 MB.
System memory in use after: 85.2 MB.

Unloading 12 unused Assets to reduce memory usage. Loaded Objects now: 2350.
Total: 1.973000 ms (FindLiveObjects: 0.194200 ms CreateObjectMapping: 0.072700 ms MarkObjects: 1.575500 ms  DeleteObjects: 0.129400 ms)

========================================================================
Received Prepare
Registering precompiled user dll's ...
Registered in 0.000955 seconds.
Begin MonoManager ReloadAssembly
Native extension for WindowsStandalone target not found
Native extension for WebGL target not found
Refreshing native plugins compatible for Editor in 0.34 ms, found 1 plugins.
Preloading 0 native plugins for Editor in 0.00 ms.
Mono: successfully reloaded assembly
- Completed reload, in  0.848 seconds
Platform modules already initialized, skipping
Refreshing native plugins compatible for Editor in 0.30 ms, found 1 plugins.
Preloading 0 native plugins for Editor in 0.00 ms.
Unloading 1810 Unused Serialized files (Serialized files now loaded: 0)
System memory in use before: 85.2 MB.
System memory in use after: 85.2 MB.

Unloading 13 unused Assets to reduce memory usage. Loaded Objects now: 2353.
Total: 2.033100 ms (FindLiveObjects: 0.199100 ms CreateObjectMapping: 0.086900 ms MarkObjects: 1.609700 ms  DeleteObjects: 0.136100 ms)

========================================================================
Received Import Request.
  Time since last request: 1179.403970 seconds.
  path: Assets/scripts/activateBoxUp.cs
  artifactKey: Guid(1a6df5cea36aee441ba23a74d446bf4c) Importer(815301076,1909f56bfc062723c751e8b465ee728b)
Start importing Assets/scripts/activateBoxUp.cs using Guid(1a6df5cea36aee441ba23a74d446bf4c) Importer(815301076,1909f56bfc062723c751e8b465ee728b)  -> (artifact id: 'b09bba944653845218f008159dce0333') in 0.004767 seconds
  Import took 0.007815 seconds .

========================================================================
Received Prepare
Registering precompiled user dll's ...
Registered in 0.000881 seconds.
Begin MonoManager ReloadAssembly
Native extension for WindowsStandalone target not found
Native extension for WebGL target not found
Refreshing native plugins compatible for Editor in 0.33 ms, found 1 plugins.
Preloading 0 native plugins for Editor in 0.00 ms.
Mono: successfully reloaded assembly
- Completed reload, in  0.840 seconds
Platform modules already initialized, skipping
Refreshing native plugins compatible for Editor in 0.44 ms, found 1 plugins.
Preloading 0 native plugins for Editor in 0.00 ms.
Unloading 1809 Unused Serialized files (Serialized files now loaded: 0)
System memory in use before: 85.2 MB.
System memory in use after: 85.2 MB.

Unloading 13 unused Assets to reduce memory usage. Loaded Objects now: 2356.
Total: 2.456700 ms (FindLiveObjects: 0.226100 ms CreateObjectMapping: 0.076100 ms MarkObjects: 2.020400 ms  DeleteObjects: 0.132800 ms)

========================================================================
Received Prepare
Registering precompiled user dll's ...
Registered in 0.000907 seconds.
Begin MonoManager ReloadAssembly
Native extension for WindowsStandalone target not found
Native extension for WebGL target not found
Refreshing native plugins compatible for Editor in 0.30 ms, found 1 plugins.
Preloading 0 native plugins for Editor in 0.00 ms.
Mono: successfully reloaded assembly
- Completed reload, in  0.841 seconds
Platform modules already initialized, skipping
Refreshing native plugins compatible for Editor in 0.33 ms, found 1 plugins.
Preloading 0 native plugins for Editor in 0.00 ms.
Unloading 1808 Unused Serialized files (Serialized files now loaded: 0)
System memory in use before: 85.2 MB.
System memory in use after: 85.2 MB.

Unloading 13 unused Assets to reduce memory usage. Loaded Objects now: 2359.
Total: 2.221800 ms (FindLiveObjects: 0.268300 ms CreateObjectMapping: 0.082200 ms MarkObjects: 1.742100 ms  DeleteObjects: 0.128200 ms)

========================================================================
Received Prepare
Registering precompiled user dll's ...
Registered in 0.001034 seconds.
Begin MonoManager ReloadAssembly
Native extension for WindowsStandalone target not found
Native extension for WebGL target not found
Refreshing native plugins compatible for Editor in 0.30 ms, found 1 plugins.
Preloading 0 native plugins for Editor in 0.00 ms.
Mono: successfully reloaded assembly
- Completed reload, in  0.848 seconds
Platform modules already initialized, skipping
Refreshing native plugins compatible for Editor in 0.37 ms, found 1 plugins.
Preloading 0 native plugins for Editor in 0.00 ms.
Unloading 1807 Unused Serialized files (Serialized files now loaded: 0)
System memory in use before: 85.2 MB.
System memory in use after: 85.2 MB.

Unloading 13 unused Assets to reduce memory usage. Loaded Objects now: 2362.
Total: 1.933200 ms (FindLiveObjects: 0.188200 ms CreateObjectMapping: 0.074300 ms MarkObjects: 1.541700 ms  DeleteObjects: 0.127700 ms)

========================================================================
Received Import Request.
  Time since last request: 27.589665 seconds.
  path: Assets/scripts/checkInput.cs
  artifactKey: Guid(4c124085cffcebb4db2dc836a80823f5) Importer(815301076,1909f56bfc062723c751e8b465ee728b)
Start importing Assets/scripts/checkInput.cs using Guid(4c124085cffcebb4db2dc836a80823f5) Importer(815301076,1909f56bfc062723c751e8b465ee728b)  -> (artifact id: 'bc1f71fee329d2e29c81dad80fa924ec') in 0.009914 seconds
  Import took 0.013003 seconds .

========================================================================
Received Import Request.
  Time since last request: 8.859046 seconds.
  path: Assets/scripts/deltatest.cs
  artifactKey: Guid(399da5bebf4a94e4389873a950d9bd9e) Importer(815301076,1909f56bfc062723c751e8b465ee728b)
Start importing Assets/scripts/deltatest.cs using Guid(399da5bebf4a94e4389873a950d9bd9e) Importer(815301076,1909f56bfc062723c751e8b465ee728b)  -> (artifact id: '668450dc23ffe4d70d1ca8f5e5d51540') in 0.007449 seconds
  Import took 0.010604 seconds .

========================================================================
Received Prepare
Registering precompiled user dll's ...
Registered in 0.000867 seconds.
Begin MonoManager ReloadAssembly
Native extension for WindowsStandalone target not found
Native extension for WebGL target not found
Refreshing native plugins compatible for Editor in 0.31 ms, found 1 plugins.
Preloading 0 native plugins for Editor in 0.00 ms.
Mono: successfully reloaded assembly
- Completed reload, in  0.843 seconds
Platform modules already initialized, skipping
Refreshing native plugins compatible for Editor in 0.30 ms, found 1 plugins.
Preloading 0 native plugins for Editor in 0.00 ms.
Unloading 1806 Unused Serialized files (Serialized files now loaded: 0)
System memory in use before: 85.2 MB.
System memory in use after: 85.1 MB.

Unloading 13 unused Assets to reduce memory usage. Loaded Objects now: 2365.
Total: 2.500200 ms (FindLiveObjects: 0.175100 ms CreateObjectMapping: 0.063400 ms MarkObjects: 2.126100 ms  DeleteObjects: 0.134400 ms)

========================================================================
Received Prepare
Registering precompiled user dll's ...
Registered in 0.001018 seconds.
Begin MonoManager ReloadAssembly
Native extension for WindowsStandalone target not found
Native extension for WebGL target not found
Refreshing native plugins compatible for Editor in 0.31 ms, found 1 plugins.
Preloading 0 native plugins for Editor in 0.00 ms.
Mono: successfully reloaded assembly
- Completed reload, in  0.829 seconds
Platform modules already initialized, skipping
Refreshing native plugins compatible for Editor in 0.34 ms, found 1 plugins.
Preloading 0 native plugins for Editor in 0.00 ms.
Unloading 1805 Unused Serialized files (Serialized files now loaded: 0)
System memory in use before: 85.2 MB.
System memory in use after: 85.1 MB.

Unloading 13 unused Assets to reduce memory usage. Loaded Objects now: 2368.
Total: 2.095100 ms (FindLiveObjects: 0.188500 ms CreateObjectMapping: 0.066300 ms MarkObjects: 1.709900 ms  DeleteObjects: 0.129200 ms)

========================================================================
Received Prepare
Registering precompiled user dll's ...
Registered in 0.000868 seconds.
Begin MonoManager ReloadAssembly
Native extension for WindowsStandalone target not found
Native extension for WebGL target not found
Refreshing native plugins compatible for Editor in 0.32 ms, found 1 plugins.
Preloading 0 native plugins for Editor in 0.00 ms.
Mono: successfully reloaded assembly
- Completed reload, in  0.823 seconds
Platform modules already initialized, skipping
Refreshing native plugins compatible for Editor in 0.31 ms, found 1 plugins.
Preloading 0 native plugins for Editor in 0.00 ms.
Unloading 1805 Unused Serialized files (Serialized files now loaded: 0)
System memory in use before: 85.2 MB.
System memory in use after: 85.1 MB.

Unloading 12 unused Assets to reduce memory usage. Loaded Objects now: 2372.
Total: 2.376100 ms (FindLiveObjects: 0.192100 ms CreateObjectMapping: 0.049100 ms MarkObjects: 1.993500 ms  DeleteObjects: 0.139800 ms)

========================================================================
Received Import Request.
  Time since last request: 860.940259 seconds.
  path: Assets/stuff/beetroot.png
  artifactKey: Guid(c6720a1e5b3069343b80c15a36bb4256) Importer(815301076,1909f56bfc062723c751e8b465ee728b)
Start importing Assets/stuff/beetroot.png using Guid(c6720a1e5b3069343b80c15a36bb4256) Importer(815301076,1909f56bfc062723c751e8b465ee728b)  -> (artifact id: '4722a3760d377d6a65fc4f3872ea8725') in 0.084844 seconds
  Import took 0.087886 seconds .

========================================================================
Received Prepare
Registering precompiled user dll's ...
Registered in 0.000985 seconds.
Begin MonoManager ReloadAssembly
Native extension for WindowsStandalone target not found
Native extension for WebGL target not found
Refreshing native plugins compatible for Editor in 0.41 ms, found 1 plugins.
Preloading 0 native plugins for Editor in 0.00 ms.
Mono: successfully reloaded assembly
- Completed reload, in  0.826 seconds
Platform modules already initialized, skipping
Refreshing native plugins compatible for Editor in 0.37 ms, found 1 plugins.
Preloading 0 native plugins for Editor in 0.00 ms.
Unloading 1805 Unused Serialized files (Serialized files now loaded: 0)
System memory in use before: 88.3 MB.
System memory in use after: 88.2 MB.

Unloading 12 unused Assets to reduce memory usage. Loaded Objects now: 2382.
Total: 2.623500 ms (FindLiveObjects: 0.396900 ms CreateObjectMapping: 0.118600 ms MarkObjects: 1.979300 ms  DeleteObjects: 0.127500 ms)

========================================================================
Received Prepare
Registering precompiled user dll's ...
Registered in 0.000982 seconds.
Begin MonoManager ReloadAssembly
Native extension for WindowsStandalone target not found
Native extension for WebGL target not found
Refreshing native plugins compatible for Editor in 0.56 ms, found 1 plugins.
Preloading 0 native plugins for Editor in 0.00 ms.
Mono: successfully reloaded assembly
- Completed reload, in  0.989 seconds
Platform modules already initialized, skipping
Refreshing native plugins compatible for Editor in 0.30 ms, found 1 plugins.
Preloading 0 native plugins for Editor in 0.00 ms.
Unloading 1806 Unused Serialized files (Serialized files now loaded: 0)
System memory in use before: 88.3 MB.
System memory in use after: 88.3 MB.

Unloading 12 unused Assets to reduce memory usage. Loaded Objects now: 2387.
Total: 2.647200 ms (FindLiveObjects: 0.492700 ms CreateObjectMapping: 0.166500 ms MarkObjects: 1.867900 ms  DeleteObjects: 0.117200 ms)

========================================================================
Received Import Request.
  Time since last request: 1021.202247 seconds.
  path: Assets/scripts/BeetMover.cs
  artifactKey: Guid(e0993cf55453cf44ea27f3d7974a6da7) Importer(815301076,1909f56bfc062723c751e8b465ee728b)
Start importing Assets/scripts/BeetMover.cs using Guid(e0993cf55453cf44ea27f3d7974a6da7) Importer(815301076,1909f56bfc062723c751e8b465ee728b)  -> (artifact id: 'f0baeac424f923e49d4d7301e8a3af1a') in 0.010677 seconds
  Import took 0.014538 seconds .

========================================================================
Received Prepare
Registering precompiled user dll's ...
Registered in 0.000871 seconds.
Begin MonoManager ReloadAssembly
Native extension for WindowsStandalone target not found
Native extension for WebGL target not found
Refreshing native plugins compatible for Editor in 0.94 ms, found 1 plugins.
Preloading 0 native plugins for Editor in 0.00 ms.
Mono: successfully reloaded assembly
- Completed reload, in  0.890 seconds
Platform modules already initialized, skipping
Refreshing native plugins compatible for Editor in 0.30 ms, found 1 plugins.
Preloading 0 native plugins for Editor in 0.00 ms.
Unloading 1806 Unused Serialized files (Serialized files now loaded: 0)
System memory in use before: 88.3 MB.
System memory in use after: 88.3 MB.

Unloading 12 unused Assets to reduce memory usage. Loaded Objects now: 2391.
Total: 2.021500 ms (FindLiveObjects: 0.160100 ms CreateObjectMapping: 0.045700 ms MarkObjects: 1.692600 ms  DeleteObjects: 0.122200 ms)

========================================================================
Received Prepare
Registering precompiled user dll's ...
Registered in 0.001318 seconds.
Begin MonoManager ReloadAssembly
Native extension for WindowsStandalone target not found
Native extension for WebGL target not found
Refreshing native plugins compatible for Editor in 0.39 ms, found 1 plugins.
Preloading 0 native plugins for Editor in 0.00 ms.
Mono: successfully reloaded assembly
- Completed reload, in  1.056 seconds
Platform modules already initialized, skipping
Refreshing native plugins compatible for Editor in 0.32 ms, found 1 plugins.
Preloading 0 native plugins for Editor in 0.00 ms.
Unloading 1806 Unused Serialized files (Serialized files now loaded: 0)
System memory in use before: 88.3 MB.
System memory in use after: 88.3 MB.

Unloading 12 unused Assets to reduce memory usage. Loaded Objects now: 2395.
Total: 2.360400 ms (FindLiveObjects: 0.203200 ms CreateObjectMapping: 0.073700 ms MarkObjects: 1.960100 ms  DeleteObjects: 0.122300 ms)

========================================================================
Received Prepare
Registering precompiled user dll's ...
Registered in 0.000865 seconds.
Begin MonoManager ReloadAssembly
Native extension for WindowsStandalone target not found
Native extension for WebGL target not found
Refreshing native plugins compatible for Editor in 0.30 ms, found 1 plugins.
Preloading 0 native plugins for Editor in 0.00 ms.
Mono: successfully reloaded assembly
- Completed reload, in  0.808 seconds
Platform modules already initialized, skipping
Refreshing native plugins compatible for Editor in 0.34 ms, found 1 plugins.
Preloading 0 native plugins for Editor in 0.00 ms.
Unloading 1806 Unused Serialized files (Serialized files now loaded: 0)
System memory in use before: 88.3 MB.
System memory in use after: 88.3 MB.

Unloading 12 unused Assets to reduce memory usage. Loaded Objects now: 2399.
Total: 1.955600 ms (FindLiveObjects: 0.197600 ms CreateObjectMapping: 0.060500 ms MarkObjects: 1.571500 ms  DeleteObjects: 0.125100 ms)

========================================================================
Received Prepare
Registering precompiled user dll's ...
Registered in 0.000936 seconds.
Begin MonoManager ReloadAssembly
Native extension for WindowsStandalone target not found
Native extension for WebGL target not found
Refreshing native plugins compatible for Editor in 0.31 ms, found 1 plugins.
Preloading 0 native plugins for Editor in 0.00 ms.
Mono: successfully reloaded assembly
- Completed reload, in  0.830 seconds
Platform modules already initialized, skipping
Refreshing native plugins compatible for Editor in 0.31 ms, found 1 plugins.
Preloading 0 native plugins for Editor in 0.00 ms.
Unloading 1806 Unused Serialized files (Serialized files now loaded: 0)
System memory in use before: 88.3 MB.
System memory in use after: 88.3 MB.

Unloading 12 unused Assets to reduce memory usage. Loaded Objects now: 2403.
Total: 2.413200 ms (FindLiveObjects: 0.402900 ms CreateObjectMapping: 0.143500 ms MarkObjects: 1.723500 ms  DeleteObjects: 0.142300 ms)

========================================================================
Received Import Request.
  Time since last request: 14966.403875 seconds.
  path: Assets/scripts/activateBox.cs
  artifactKey: Guid(b4f9140501720604784497676c0e2de9) Importer(815301076,1909f56bfc062723c751e8b465ee728b)
Start importing Assets/scripts/activateBox.cs using Guid(b4f9140501720604784497676c0e2de9) Importer(815301076,1909f56bfc062723c751e8b465ee728b)  -> (artifact id: '52e024dbdba46697655c5f9620de3d10') in 0.004622 seconds
  Import took 0.007369 seconds .

========================================================================
Received Import Request.
  Time since last request: 0.010170 seconds.
  path: Assets/scripts/activateBox.cs
  artifactKey: Guid(b4f9140501720604784497676c0e2de9) Importer(815301076,1909f56bfc062723c751e8b465ee728b)
Start importing Assets/scripts/activateBox.cs using Guid(b4f9140501720604784497676c0e2de9) Importer(815301076,1909f56bfc062723c751e8b465ee728b)  -> (artifact id: '52e024dbdba46697655c5f9620de3d10') in 0.002103 seconds
  Import took 0.004780 seconds .

========================================================================
Received Prepare
Registering precompiled user dll's ...
Registered in 0.000886 seconds.
Begin MonoManager ReloadAssembly
Native extension for WindowsStandalone target not found
Native extension for WebGL target not found
Refreshing native plugins compatible for Editor in 0.30 ms, found 1 plugins.
Preloading 0 native plugins for Editor in 0.00 ms.
Mono: successfully reloaded assembly
- Completed reload, in  0.810 seconds
Platform modules already initialized, skipping
Refreshing native plugins compatible for Editor in 0.31 ms, found 1 plugins.
Preloading 0 native plugins for Editor in 0.00 ms.
Unloading 1806 Unused Serialized files (Serialized files now loaded: 0)
System memory in use before: 88.3 MB.
System memory in use after: 88.3 MB.

Unloading 12 unused Assets to reduce memory usage. Loaded Objects now: 2407.
Total: 2.228300 ms (FindLiveObjects: 0.336500 ms CreateObjectMapping: 0.075800 ms MarkObjects: 1.682100 ms  DeleteObjects: 0.132500 ms)

AssetImportWorkerClient::OnTransportError - code=2 error=End of file
