Using pre-set license
Built from '2020.3/staging' branch; Version is '2020.3.5f1 (8095aa901b9b) revision 8426922'; Using compiler version '192528614'; Build Type 'Release'
OS: 'Windows 10 Education; OS build 19044.1288; Version 2009; 64bit' Language: 'en' Physical Memory: 32726 MB
BatchMode: 1, IsHumanControllingUs: 0, StartBugReporterOnCrash: 0, Is64bit: 1, IsPro: 0

 COMMAND LINE ARGUMENTS:
C:\Program Files\Unity\Hub\Editor\2020.3.5f1\Editor\Unity.exe
-adb2
-batchMode
-noUpm
-name
AssetImportWorker1
-projectPath
C:/Users/s213381/Downloads/2020SpaceShooter_BROKEN/[name]
-logFile
Logs/AssetImportWorker1.log
-srvPort
50514
Successfully changed project path to: C:/Users/s213381/Downloads/2020SpaceShooter_BROKEN/[name]
C:/Users/s213381/Downloads/2020SpaceShooter_BROKEN/[name]
Using Asset Import Pipeline V2.
Refreshing native plugins compatible for Editor in 33.55 ms, found 1 plugins.
Preloading 0 native plugins for Editor in 0.00 ms.
Initialize engine version: 2020.3.5f1 (8095aa901b9b)
[Subsystems] Discovering subsystems at path C:/Program Files/Unity/Hub/Editor/2020.3.5f1/Editor/Data/Resources/UnitySubsystems
[Subsystems] Discovering subsystems at path C:/Users/s213381/Downloads/2020SpaceShooter_BROKEN/[name]/Assets
GfxDevice: creating device client; threaded=0
Direct3D:
    Version:  Direct3D 11.0 [level 11.1]
    Renderer: NVIDIA GeForce GTX 1060 3GB (ID=0x1c02)
    Vendor:   
    VRAM:     2988 MB
    Driver:   30.0.14.9676
Initialize mono
Mono path[0] = 'C:/Program Files/Unity/Hub/Editor/2020.3.5f1/Editor/Data/Managed'
Mono path[1] = 'C:/Program Files/Unity/Hub/Editor/2020.3.5f1/Editor/Data/MonoBleedingEdge/lib/mono/unityjit'
Mono config path = 'C:/Program Files/Unity/Hub/Editor/2020.3.5f1/Editor/Data/MonoBleedingEdge/etc'
Using monoOptions --debugger-agent=transport=dt_socket,embedding=1,server=y,suspend=n,address=127.0.0.1:56120
Begin MonoManager ReloadAssembly
Registering precompiled unity dll's ...
Register platform support module: C:/Program Files/Unity/Hub/Editor/2020.3.5f1/Editor/Data/PlaybackEngines/WebGLSupport/UnityEditor.WebGL.Extensions.dll
Register platform support module: C:/Program Files/Unity/Hub/Editor/2020.3.5f1/Editor/Data/PlaybackEngines/WindowsStandaloneSupport/UnityEditor.WindowsStandalone.Extensions.dll
Registered in 0.001970 seconds.
Native extension for WindowsStandalone target not found
Native extension for WebGL target not found
Refreshing native plugins compatible for Editor in 32.84 ms, found 1 plugins.
Preloading 0 native plugins for Editor in 0.00 ms.
Mono: successfully reloaded assembly
- Completed reload, in  2.428 seconds
Platform modules already initialized, skipping
Registering precompiled user dll's ...
Registered in 0.000783 seconds.
Begin MonoManager ReloadAssembly
Native extension for WindowsStandalone target not found
Native extension for WebGL target not found
Refreshing native plugins compatible for Editor in 32.99 ms, found 1 plugins.
Preloading 0 native plugins for Editor in 0.00 ms.
Mono: successfully reloaded assembly
- Completed reload, in  0.879 seconds
Platform modules already initialized, skipping
========================================================================
Worker process is ready to serve import requests
Launched and connected shader compiler UnityShaderCompiler.exe after 0.04 seconds
Refreshing native plugins compatible for Editor in 0.33 ms, found 1 plugins.
Preloading 0 native plugins for Editor in 0.00 ms.
Unloading 1817 Unused Serialized files (Serialized files now loaded: 0)
System memory in use before: 85.1 MB.
System memory in use after: 85.1 MB.

Unloading 24 unused Assets to reduce memory usage. Loaded Objects now: 2259.
Total: 2.462900 ms (FindLiveObjects: 0.311300 ms CreateObjectMapping: 0.205700 ms MarkObjects: 1.773800 ms  DeleteObjects: 0.170700 ms)

========================================================================
Received Import Request.
  path: Assets/beetrootRight.prefab
  artifactKey: Guid(38680f68b6e86c449997770973cd0fce) Importer(815301076,1909f56bfc062723c751e8b465ee728b)
Start importing Assets/beetrootRight.prefab using Guid(38680f68b6e86c449997770973cd0fce) Importer(815301076,1909f56bfc062723c751e8b465ee728b)  -> (artifact id: '8d9f3f6f5dad0a87427613bd83733cdd') in 0.089441 seconds
  Import took 0.092608 seconds .

========================================================================
Received Import Request.
  Time since last request: 0.000287 seconds.
  path: Assets/beetrootLeft.prefab
  artifactKey: Guid(94b819af9ff26e142b125ff706cb3701) Importer(815301076,1909f56bfc062723c751e8b465ee728b)
Start importing Assets/beetrootLeft.prefab using Guid(94b819af9ff26e142b125ff706cb3701) Importer(815301076,1909f56bfc062723c751e8b465ee728b)  -> (artifact id: 'dce4acaf3b544bf5e1c0fb30aab416f0') in 0.011558 seconds
  Import took 0.014336 seconds .

========================================================================
Received Import Request.
  Time since last request: 0.000248 seconds.
  path: Assets/beetrootDown.prefab
  artifactKey: Guid(3ee45373d63dbca45b871298d7fafbdc) Importer(815301076,1909f56bfc062723c751e8b465ee728b)
Start importing Assets/beetrootDown.prefab using Guid(3ee45373d63dbca45b871298d7fafbdc) Importer(815301076,1909f56bfc062723c751e8b465ee728b)  -> (artifact id: '577346691052ffb1888d151140dd5983') in 0.011071 seconds
  Import took 0.015007 seconds .

========================================================================
Received Import Request.
  Time since last request: 0.000298 seconds.
  path: Assets/beetrootUp.prefab
  artifactKey: Guid(0e6d2023c0774c24cb74df7f1b5dda25) Importer(815301076,1909f56bfc062723c751e8b465ee728b)
Start importing Assets/beetrootUp.prefab using Guid(0e6d2023c0774c24cb74df7f1b5dda25) Importer(815301076,1909f56bfc062723c751e8b465ee728b)  -> (artifact id: '5e76ab37209c2f1af34e380bb3780b19') in 0.006939 seconds
  Import took 0.010002 seconds .

========================================================================
Received Prepare
Registering precompiled user dll's ...
Registered in 0.000755 seconds.
Begin MonoManager ReloadAssembly
Native extension for WindowsStandalone target not found
Native extension for WebGL target not found
Refreshing native plugins compatible for Editor in 0.31 ms, found 1 plugins.
Preloading 0 native plugins for Editor in 0.00 ms.
Mono: successfully reloaded assembly
- Completed reload, in  0.815 seconds
Platform modules already initialized, skipping
Refreshing native plugins compatible for Editor in 0.36 ms, found 1 plugins.
Preloading 0 native plugins for Editor in 0.00 ms.
Unloading 1812 Unused Serialized files (Serialized files now loaded: 0)
System memory in use before: 88.2 MB.
System memory in use after: 88.2 MB.

Unloading 12 unused Assets to reduce memory usage. Loaded Objects now: 2270.
Total: 2.114200 ms (FindLiveObjects: 0.168600 ms CreateObjectMapping: 0.063900 ms MarkObjects: 1.751800 ms  DeleteObjects: 0.128500 ms)

========================================================================
Received Prepare
Registering precompiled user dll's ...
Registered in 0.000848 seconds.
Begin MonoManager ReloadAssembly
Native extension for WindowsStandalone target not found
Native extension for WebGL target not found
Refreshing native plugins compatible for Editor in 0.31 ms, found 1 plugins.
Preloading 0 native plugins for Editor in 0.00 ms.
Mono: successfully reloaded assembly
- Completed reload, in  0.798 seconds
Platform modules already initialized, skipping
Refreshing native plugins compatible for Editor in 0.30 ms, found 1 plugins.
Preloading 0 native plugins for Editor in 0.00 ms.
Unloading 1812 Unused Serialized files (Serialized files now loaded: 0)
System memory in use before: 88.2 MB.
System memory in use after: 88.2 MB.

Unloading 12 unused Assets to reduce memory usage. Loaded Objects now: 2274.
Total: 2.182400 ms (FindLiveObjects: 0.236200 ms CreateObjectMapping: 0.089600 ms MarkObjects: 1.700900 ms  DeleteObjects: 0.154400 ms)

========================================================================
Received Prepare
Registering precompiled user dll's ...
Registered in 0.001015 seconds.
Begin MonoManager ReloadAssembly
Native extension for WindowsStandalone target not found
Native extension for WebGL target not found
Refreshing native plugins compatible for Editor in 0.45 ms, found 1 plugins.
Preloading 0 native plugins for Editor in 0.00 ms.
Mono: successfully reloaded assembly
- Completed reload, in  0.803 seconds
Platform modules already initialized, skipping
Refreshing native plugins compatible for Editor in 0.31 ms, found 1 plugins.
Preloading 0 native plugins for Editor in 0.00 ms.
Unloading 1812 Unused Serialized files (Serialized files now loaded: 0)
System memory in use before: 88.3 MB.
System memory in use after: 88.2 MB.

Unloading 12 unused Assets to reduce memory usage. Loaded Objects now: 2278.
Total: 2.159600 ms (FindLiveObjects: 0.210600 ms CreateObjectMapping: 0.064300 ms MarkObjects: 1.753900 ms  DeleteObjects: 0.129700 ms)

========================================================================
Received Prepare
Registering precompiled user dll's ...
Registered in 0.001004 seconds.
Begin MonoManager ReloadAssembly
Native extension for WindowsStandalone target not found
Native extension for WebGL target not found
Refreshing native plugins compatible for Editor in 0.34 ms, found 1 plugins.
Preloading 0 native plugins for Editor in 0.00 ms.
Mono: successfully reloaded assembly
- Completed reload, in  0.796 seconds
Platform modules already initialized, skipping
Refreshing native plugins compatible for Editor in 0.30 ms, found 1 plugins.
Preloading 0 native plugins for Editor in 0.00 ms.
Unloading 1812 Unused Serialized files (Serialized files now loaded: 0)
System memory in use before: 88.3 MB.
System memory in use after: 88.2 MB.

Unloading 12 unused Assets to reduce memory usage. Loaded Objects now: 2282.
Total: 2.315600 ms (FindLiveObjects: 0.283200 ms CreateObjectMapping: 0.105000 ms MarkObjects: 1.790600 ms  DeleteObjects: 0.135500 ms)

========================================================================
Received Prepare
Registering precompiled user dll's ...
Registered in 0.001244 seconds.
Begin MonoManager ReloadAssembly
Native extension for WindowsStandalone target not found
Native extension for WebGL target not found
Refreshing native plugins compatible for Editor in 0.30 ms, found 1 plugins.
Preloading 0 native plugins for Editor in 0.00 ms.
Mono: successfully reloaded assembly
- Completed reload, in  0.810 seconds
Platform modules already initialized, skipping
Refreshing native plugins compatible for Editor in 0.38 ms, found 1 plugins.
Preloading 0 native plugins for Editor in 0.00 ms.
Unloading 1812 Unused Serialized files (Serialized files now loaded: 0)
System memory in use before: 88.3 MB.
System memory in use after: 88.3 MB.

Unloading 12 unused Assets to reduce memory usage. Loaded Objects now: 2286.
Total: 2.262500 ms (FindLiveObjects: 0.220900 ms CreateObjectMapping: 0.089600 ms MarkObjects: 1.795000 ms  DeleteObjects: 0.156200 ms)

========================================================================
Received Import Request.
  Time since last request: 769.315040 seconds.
  path: Assets/beetrootDown.prefab
  artifactKey: Guid(3ee45373d63dbca45b871298d7fafbdc) Importer(815301076,1909f56bfc062723c751e8b465ee728b)
Start importing Assets/beetrootDown.prefab using Guid(3ee45373d63dbca45b871298d7fafbdc) Importer(815301076,1909f56bfc062723c751e8b465ee728b)  -> (artifact id: '8ec9f7422872fe03b2d62eef687f1d8b') in 0.061658 seconds
  Import took 0.065730 seconds .

========================================================================
Received Prepare
Registering precompiled user dll's ...
Registered in 0.000944 seconds.
Begin MonoManager ReloadAssembly
Native extension for WindowsStandalone target not found
Native extension for WebGL target not found
Refreshing native plugins compatible for Editor in 0.41 ms, found 1 plugins.
Preloading 0 native plugins for Editor in 0.00 ms.
Mono: successfully reloaded assembly
- Completed reload, in  1.046 seconds
Platform modules already initialized, skipping
Refreshing native plugins compatible for Editor in 0.43 ms, found 1 plugins.
Preloading 0 native plugins for Editor in 0.00 ms.
Unloading 1812 Unused Serialized files (Serialized files now loaded: 0)
System memory in use before: 88.3 MB.
System memory in use after: 88.3 MB.

Unloading 12 unused Assets to reduce memory usage. Loaded Objects now: 2291.
Total: 2.392000 ms (FindLiveObjects: 0.284300 ms CreateObjectMapping: 0.069500 ms MarkObjects: 1.920900 ms  DeleteObjects: 0.116100 ms)

========================================================================
Received Import Request.
  Time since last request: 53.562641 seconds.
  path: Assets/beetrootDown.prefab
  artifactKey: Guid(3ee45373d63dbca45b871298d7fafbdc) Importer(815301076,1909f56bfc062723c751e8b465ee728b)
Start importing Assets/beetrootDown.prefab using Guid(3ee45373d63dbca45b871298d7fafbdc) Importer(815301076,1909f56bfc062723c751e8b465ee728b)  -> (artifact id: '380fb5824d99391903bf8db36450fd56') in 0.059082 seconds
  Import took 0.062617 seconds .

========================================================================
Received Prepare
Registering precompiled user dll's ...
Registered in 0.000821 seconds.
Begin MonoManager ReloadAssembly
Native extension for WindowsStandalone target not found
Native extension for WebGL target not found
Refreshing native plugins compatible for Editor in 0.35 ms, found 1 plugins.
Preloading 0 native plugins for Editor in 0.00 ms.
Mono: successfully reloaded assembly
- Completed reload, in  0.787 seconds
Platform modules already initialized, skipping
Refreshing native plugins compatible for Editor in 0.30 ms, found 1 plugins.
Preloading 0 native plugins for Editor in 0.00 ms.
Unloading 1812 Unused Serialized files (Serialized files now loaded: 0)
System memory in use before: 88.3 MB.
System memory in use after: 88.3 MB.

Unloading 12 unused Assets to reduce memory usage. Loaded Objects now: 2296.
Total: 2.098600 ms (FindLiveObjects: 0.215000 ms CreateObjectMapping: 0.069900 ms MarkObjects: 1.679900 ms  DeleteObjects: 0.132600 ms)

========================================================================
Received Import Request.
  Time since last request: 83.202082 seconds.
  path: Assets/beetrootDown.prefab
  artifactKey: Guid(3ee45373d63dbca45b871298d7fafbdc) Importer(815301076,1909f56bfc062723c751e8b465ee728b)
Start importing Assets/beetrootDown.prefab using Guid(3ee45373d63dbca45b871298d7fafbdc) Importer(815301076,1909f56bfc062723c751e8b465ee728b)  -> (artifact id: '5b89c58cf35b35c0c4ce747b0c0c7fdc') in 0.048930 seconds
  Import took 0.051548 seconds .

========================================================================
Received Prepare
Registering precompiled user dll's ...
Registered in 0.000844 seconds.
Begin MonoManager ReloadAssembly
Native extension for WindowsStandalone target not found
Native extension for WebGL target not found
Refreshing native plugins compatible for Editor in 0.31 ms, found 1 plugins.
Preloading 0 native plugins for Editor in 0.00 ms.
Mono: successfully reloaded assembly
- Completed reload, in  0.793 seconds
Platform modules already initialized, skipping
Refreshing native plugins compatible for Editor in 0.30 ms, found 1 plugins.
Preloading 0 native plugins for Editor in 0.00 ms.
Unloading 1812 Unused Serialized files (Serialized files now loaded: 0)
System memory in use before: 88.3 MB.
System memory in use after: 88.3 MB.

Unloading 12 unused Assets to reduce memory usage. Loaded Objects now: 2301.
Total: 2.023800 ms (FindLiveObjects: 0.178600 ms CreateObjectMapping: 0.064000 ms MarkObjects: 1.643300 ms  DeleteObjects: 0.136900 ms)

========================================================================
Received Prepare
Registering precompiled user dll's ...
Registered in 0.000868 seconds.
Begin MonoManager ReloadAssembly
Native extension for WindowsStandalone target not found
Native extension for WebGL target not found
Refreshing native plugins compatible for Editor in 0.39 ms, found 1 plugins.
Preloading 0 native plugins for Editor in 0.00 ms.
Mono: successfully reloaded assembly
- Completed reload, in  0.801 seconds
Platform modules already initialized, skipping
Refreshing native plugins compatible for Editor in 0.30 ms, found 1 plugins.
Preloading 0 native plugins for Editor in 0.00 ms.
Unloading 1812 Unused Serialized files (Serialized files now loaded: 0)
System memory in use before: 88.3 MB.
System memory in use after: 88.3 MB.

Unloading 12 unused Assets to reduce memory usage. Loaded Objects now: 2305.
Total: 2.240900 ms (FindLiveObjects: 0.206200 ms CreateObjectMapping: 0.067500 ms MarkObjects: 1.818600 ms  DeleteObjects: 0.147200 ms)

========================================================================
Received Prepare
Registering precompiled user dll's ...
Registered in 0.001092 seconds.
Begin MonoManager ReloadAssembly
Native extension for WindowsStandalone target not found
Native extension for WebGL target not found
Refreshing native plugins compatible for Editor in 0.32 ms, found 1 plugins.
Preloading 0 native plugins for Editor in 0.00 ms.
Mono: successfully reloaded assembly
- Completed reload, in  0.799 seconds
Platform modules already initialized, skipping
Refreshing native plugins compatible for Editor in 0.31 ms, found 1 plugins.
Preloading 0 native plugins for Editor in 0.00 ms.
Unloading 1812 Unused Serialized files (Serialized files now loaded: 0)
System memory in use before: 88.3 MB.
System memory in use after: 88.3 MB.

Unloading 12 unused Assets to reduce memory usage. Loaded Objects now: 2309.
Total: 2.395400 ms (FindLiveObjects: 0.310500 ms CreateObjectMapping: 0.090700 ms MarkObjects: 1.857200 ms  DeleteObjects: 0.135300 ms)

========================================================================
Received Prepare
Registering precompiled user dll's ...
Registered in 0.000857 seconds.
Begin MonoManager ReloadAssembly
Native extension for WindowsStandalone target not found
Native extension for WebGL target not found
Refreshing native plugins compatible for Editor in 0.30 ms, found 1 plugins.
Preloading 0 native plugins for Editor in 0.00 ms.
Mono: successfully reloaded assembly
- Completed reload, in  0.770 seconds
Platform modules already initialized, skipping
Refreshing native plugins compatible for Editor in 0.32 ms, found 1 plugins.
Preloading 0 native plugins for Editor in 0.00 ms.
Unloading 1812 Unused Serialized files (Serialized files now loaded: 0)
System memory in use before: 88.4 MB.
System memory in use after: 88.3 MB.

Unloading 12 unused Assets to reduce memory usage. Loaded Objects now: 2313.
Total: 2.007000 ms (FindLiveObjects: 0.207000 ms CreateObjectMapping: 0.084600 ms MarkObjects: 1.586900 ms  DeleteObjects: 0.127100 ms)

========================================================================
Received Prepare
Registering precompiled user dll's ...
Registered in 0.000787 seconds.
Begin MonoManager ReloadAssembly
Native extension for WindowsStandalone target not found
Native extension for WebGL target not found
Refreshing native plugins compatible for Editor in 0.53 ms, found 1 plugins.
Preloading 0 native plugins for Editor in 0.00 ms.
Mono: successfully reloaded assembly
- Completed reload, in  0.845 seconds
Platform modules already initialized, skipping
Refreshing native plugins compatible for Editor in 0.31 ms, found 1 plugins.
Preloading 0 native plugins for Editor in 0.00 ms.
Unloading 1812 Unused Serialized files (Serialized files now loaded: 0)
System memory in use before: 88.4 MB.
System memory in use after: 88.3 MB.

Unloading 12 unused Assets to reduce memory usage. Loaded Objects now: 2317.
Total: 2.520000 ms (FindLiveObjects: 0.221400 ms CreateObjectMapping: 0.060500 ms MarkObjects: 2.084400 ms  DeleteObjects: 0.152600 ms)

========================================================================
Received Prepare
Registering precompiled user dll's ...
Registered in 0.001065 seconds.
Begin MonoManager ReloadAssembly
Native extension for WindowsStandalone target not found
Native extension for WebGL target not found
Refreshing native plugins compatible for Editor in 0.54 ms, found 1 plugins.
Preloading 0 native plugins for Editor in 0.00 ms.
Mono: successfully reloaded assembly
- Completed reload, in  0.811 seconds
Platform modules already initialized, skipping
Refreshing native plugins compatible for Editor in 0.30 ms, found 1 plugins.
Preloading 0 native plugins for Editor in 0.00 ms.
Unloading 1812 Unused Serialized files (Serialized files now loaded: 0)
System memory in use before: 88.4 MB.
System memory in use after: 88.4 MB.

Unloading 12 unused Assets to reduce memory usage. Loaded Objects now: 2321.
Total: 2.272700 ms (FindLiveObjects: 0.362000 ms CreateObjectMapping: 0.136100 ms MarkObjects: 1.643600 ms  DeleteObjects: 0.129900 ms)

========================================================================
Received Prepare
Registering precompiled user dll's ...
Registered in 0.000921 seconds.
Begin MonoManager ReloadAssembly
Native extension for WindowsStandalone target not found
Native extension for WebGL target not found
Refreshing native plugins compatible for Editor in 0.31 ms, found 1 plugins.
Preloading 0 native plugins for Editor in 0.00 ms.
Mono: successfully reloaded assembly
- Completed reload, in  0.830 seconds
Platform modules already initialized, skipping
Refreshing native plugins compatible for Editor in 0.46 ms, found 1 plugins.
Preloading 0 native plugins for Editor in 0.00 ms.
Unloading 1812 Unused Serialized files (Serialized files now loaded: 0)
System memory in use before: 88.4 MB.
System memory in use after: 88.4 MB.

Unloading 12 unused Assets to reduce memory usage. Loaded Objects now: 2325.
Total: 2.010800 ms (FindLiveObjects: 0.229300 ms CreateObjectMapping: 0.053400 ms MarkObjects: 1.590000 ms  DeleteObjects: 0.137400 ms)

========================================================================
Received Prepare
Registering precompiled user dll's ...
Registered in 0.000775 seconds.
Begin MonoManager ReloadAssembly
Native extension for WindowsStandalone target not found
Native extension for WebGL target not found
Refreshing native plugins compatible for Editor in 0.31 ms, found 1 plugins.
Preloading 0 native plugins for Editor in 0.00 ms.
Mono: successfully reloaded assembly
- Completed reload, in  0.815 seconds
Platform modules already initialized, skipping
Refreshing native plugins compatible for Editor in 0.45 ms, found 1 plugins.
Preloading 0 native plugins for Editor in 0.00 ms.
Unloading 1812 Unused Serialized files (Serialized files now loaded: 0)
System memory in use before: 88.4 MB.
System memory in use after: 88.4 MB.

Unloading 12 unused Assets to reduce memory usage. Loaded Objects now: 2329.
Total: 2.135100 ms (FindLiveObjects: 0.197400 ms CreateObjectMapping: 0.078000 ms MarkObjects: 1.723700 ms  DeleteObjects: 0.135300 ms)

========================================================================
Received Prepare
Registering precompiled user dll's ...
Registered in 0.000990 seconds.
Begin MonoManager ReloadAssembly
Native extension for WindowsStandalone target not found
Native extension for WebGL target not found
Refreshing native plugins compatible for Editor in 0.32 ms, found 1 plugins.
Preloading 0 native plugins for Editor in 0.00 ms.
Mono: successfully reloaded assembly
- Completed reload, in  0.976 seconds
Platform modules already initialized, skipping
Refreshing native plugins compatible for Editor in 0.31 ms, found 1 plugins.
Preloading 0 native plugins for Editor in 0.00 ms.
Unloading 1812 Unused Serialized files (Serialized files now loaded: 0)
System memory in use before: 88.4 MB.
System memory in use after: 88.4 MB.

Unloading 12 unused Assets to reduce memory usage. Loaded Objects now: 2333.
Total: 2.251400 ms (FindLiveObjects: 0.320800 ms CreateObjectMapping: 0.090500 ms MarkObjects: 1.725000 ms  DeleteObjects: 0.114200 ms)

========================================================================
Received Prepare
Registering precompiled user dll's ...
Registered in 0.001127 seconds.
Begin MonoManager ReloadAssembly
Native extension for WindowsStandalone target not found
Native extension for WebGL target not found
Refreshing native plugins compatible for Editor in 0.33 ms, found 1 plugins.
Preloading 0 native plugins for Editor in 0.00 ms.
Mono: successfully reloaded assembly
- Completed reload, in  0.791 seconds
Platform modules already initialized, skipping
Refreshing native plugins compatible for Editor in 0.30 ms, found 1 plugins.
Preloading 0 native plugins for Editor in 0.00 ms.
Unloading 1812 Unused Serialized files (Serialized files now loaded: 0)
System memory in use before: 88.4 MB.
System memory in use after: 88.4 MB.

Unloading 12 unused Assets to reduce memory usage. Loaded Objects now: 2337.
Total: 2.017800 ms (FindLiveObjects: 0.340200 ms CreateObjectMapping: 0.098700 ms MarkObjects: 1.439300 ms  DeleteObjects: 0.138100 ms)

========================================================================
Received Prepare
Registering precompiled user dll's ...
Registered in 0.000789 seconds.
Begin MonoManager ReloadAssembly
Native extension for WindowsStandalone target not found
Native extension for WebGL target not found
Refreshing native plugins compatible for Editor in 0.30 ms, found 1 plugins.
Preloading 0 native plugins for Editor in 0.00 ms.
Mono: successfully reloaded assembly
- Completed reload, in  0.837 seconds
Platform modules already initialized, skipping
Refreshing native plugins compatible for Editor in 0.45 ms, found 1 plugins.
Preloading 0 native plugins for Editor in 0.00 ms.
Unloading 1812 Unused Serialized files (Serialized files now loaded: 0)
System memory in use before: 88.4 MB.
System memory in use after: 88.4 MB.

Unloading 12 unused Assets to reduce memory usage. Loaded Objects now: 2341.
Total: 2.115200 ms (FindLiveObjects: 0.228400 ms CreateObjectMapping: 0.088200 ms MarkObjects: 1.664200 ms  DeleteObjects: 0.133500 ms)

========================================================================
Received Prepare
Registering precompiled user dll's ...
Registered in 0.000784 seconds.
Begin MonoManager ReloadAssembly
Native extension for WindowsStandalone target not found
Native extension for WebGL target not found
Refreshing native plugins compatible for Editor in 0.35 ms, found 1 plugins.
Preloading 0 native plugins for Editor in 0.00 ms.
Mono: successfully reloaded assembly
- Completed reload, in  0.825 seconds
Platform modules already initialized, skipping
Refreshing native plugins compatible for Editor in 0.34 ms, found 1 plugins.
Preloading 0 native plugins for Editor in 0.00 ms.
Unloading 1812 Unused Serialized files (Serialized files now loaded: 0)
System memory in use before: 88.4 MB.
System memory in use after: 88.4 MB.

Unloading 12 unused Assets to reduce memory usage. Loaded Objects now: 2345.
Total: 1.860200 ms (FindLiveObjects: 0.186100 ms CreateObjectMapping: 0.062700 ms MarkObjects: 1.481300 ms  DeleteObjects: 0.129300 ms)

========================================================================
Received Prepare
Registering precompiled user dll's ...
Registered in 0.000903 seconds.
Begin MonoManager ReloadAssembly
Native extension for WindowsStandalone target not found
Native extension for WebGL target not found
Refreshing native plugins compatible for Editor in 0.72 ms, found 1 plugins.
Preloading 0 native plugins for Editor in 0.00 ms.
Mono: successfully reloaded assembly
- Completed reload, in  0.816 seconds
Platform modules already initialized, skipping
Refreshing native plugins compatible for Editor in 0.35 ms, found 1 plugins.
Preloading 0 native plugins for Editor in 0.00 ms.
Unloading 1812 Unused Serialized files (Serialized files now loaded: 0)
System memory in use before: 88.4 MB.
System memory in use after: 88.4 MB.

Unloading 12 unused Assets to reduce memory usage. Loaded Objects now: 2349.
Total: 2.731200 ms (FindLiveObjects: 0.366600 ms CreateObjectMapping: 0.154700 ms MarkObjects: 2.079000 ms  DeleteObjects: 0.128900 ms)

========================================================================
Received Prepare
Registering precompiled user dll's ...
Registered in 0.000796 seconds.
Begin MonoManager ReloadAssembly
Native extension for WindowsStandalone target not found
Native extension for WebGL target not found
Refreshing native plugins compatible for Editor in 0.34 ms, found 1 plugins.
Preloading 0 native plugins for Editor in 0.00 ms.
Mono: successfully reloaded assembly
- Completed reload, in  0.990 seconds
Platform modules already initialized, skipping
Refreshing native plugins compatible for Editor in 0.47 ms, found 1 plugins.
Preloading 0 native plugins for Editor in 0.00 ms.
Unloading 1813 Unused Serialized files (Serialized files now loaded: 0)
System memory in use before: 88.5 MB.
System memory in use after: 88.5 MB.

Unloading 12 unused Assets to reduce memory usage. Loaded Objects now: 2354.
Total: 2.078200 ms (FindLiveObjects: 0.202100 ms CreateObjectMapping: 0.066700 ms MarkObjects: 1.675100 ms  DeleteObjects: 0.133200 ms)

========================================================================
Received Import Request.
  Time since last request: 3991.658072 seconds.
  path: Assets/playerCollisionCheck.cs
  artifactKey: Guid(06f62f1bd41090d449246d203313a97c) Importer(815301076,1909f56bfc062723c751e8b465ee728b)
Start importing Assets/playerCollisionCheck.cs using Guid(06f62f1bd41090d449246d203313a97c) Importer(815301076,1909f56bfc062723c751e8b465ee728b)  -> (artifact id: 'bd45634d9e3e11034dd63769a5afa77c') in 0.011254 seconds
  Import took 0.013913 seconds .

========================================================================
Received Prepare
Registering precompiled user dll's ...
Registered in 0.000830 seconds.
Begin MonoManager ReloadAssembly
Native extension for WindowsStandalone target not found
Native extension for WebGL target not found
Refreshing native plugins compatible for Editor in 0.33 ms, found 1 plugins.
Preloading 0 native plugins for Editor in 0.00 ms.
Mono: successfully reloaded assembly
- Completed reload, in  0.819 seconds
Platform modules already initialized, skipping
Refreshing native plugins compatible for Editor in 0.30 ms, found 1 plugins.
Preloading 0 native plugins for Editor in 0.00 ms.
Unloading 1813 Unused Serialized files (Serialized files now loaded: 0)
System memory in use before: 88.5 MB.
System memory in use after: 88.5 MB.

Unloading 12 unused Assets to reduce memory usage. Loaded Objects now: 2358.
Total: 2.183300 ms (FindLiveObjects: 0.246000 ms CreateObjectMapping: 0.076900 ms MarkObjects: 1.719900 ms  DeleteObjects: 0.139000 ms)

========================================================================
Received Import Request.
  Time since last request: 15.501765 seconds.
  path: Assets/scripts/collisionCheck.cs
  artifactKey: Guid(93008f3911c59c44c83910a4b0c1c875) Importer(815301076,1909f56bfc062723c751e8b465ee728b)
Start importing Assets/scripts/collisionCheck.cs using Guid(93008f3911c59c44c83910a4b0c1c875) Importer(815301076,1909f56bfc062723c751e8b465ee728b)  -> (artifact id: '135f04d7c4c0203ae172550e1de5559d') in 0.004877 seconds
  Import took 0.008608 seconds .

========================================================================
Received Prepare
Registering precompiled user dll's ...
Registered in 0.000908 seconds.
Begin MonoManager ReloadAssembly
Native extension for WindowsStandalone target not found
Native extension for WebGL target not found
Refreshing native plugins compatible for Editor in 0.31 ms, found 1 plugins.
Preloading 0 native plugins for Editor in 0.00 ms.
Mono: successfully reloaded assembly
- Completed reload, in  0.814 seconds
Platform modules already initialized, skipping
Refreshing native plugins compatible for Editor in 0.35 ms, found 1 plugins.
Preloading 0 native plugins for Editor in 0.00 ms.
Unloading 1813 Unused Serialized files (Serialized files now loaded: 0)
System memory in use before: 88.5 MB.
System memory in use after: 88.5 MB.

Unloading 12 unused Assets to reduce memory usage. Loaded Objects now: 2362.
Total: 2.079900 ms (FindLiveObjects: 0.205400 ms CreateObjectMapping: 0.057600 ms MarkObjects: 1.689900 ms  DeleteObjects: 0.126100 ms)

========================================================================
Received Import Request.
  Time since last request: 51.147722 seconds.
  path: Assets/scripts/collisionCheck.cs
  artifactKey: Guid(93008f3911c59c44c83910a4b0c1c875) Importer(815301076,1909f56bfc062723c751e8b465ee728b)
Start importing Assets/scripts/collisionCheck.cs using Guid(93008f3911c59c44c83910a4b0c1c875) Importer(815301076,1909f56bfc062723c751e8b465ee728b)  -> (artifact id: 'db6f0d49d56ba7d5c795a602df132667') in 0.004518 seconds
  Import took 0.007487 seconds .

========================================================================
Received Import Request.
  Time since last request: 24.833970 seconds.
  path: Assets/playerCollisionCheck.cs
  artifactKey: Guid(06f62f1bd41090d449246d203313a97c) Importer(815301076,1909f56bfc062723c751e8b465ee728b)
Start importing Assets/playerCollisionCheck.cs using Guid(06f62f1bd41090d449246d203313a97c) Importer(815301076,1909f56bfc062723c751e8b465ee728b)  -> (artifact id: 'e03ecf03beddad8ced84d5d64ab34add') in 0.002674 seconds
  Import took 0.006127 seconds .

========================================================================
Received Import Request.
  Time since last request: 0.004056 seconds.
  path: Assets/playerCollisionCheck.cs
  artifactKey: Guid(06f62f1bd41090d449246d203313a97c) Importer(815301076,1909f56bfc062723c751e8b465ee728b)
Start importing Assets/playerCollisionCheck.cs using Guid(06f62f1bd41090d449246d203313a97c) Importer(815301076,1909f56bfc062723c751e8b465ee728b)  -> (artifact id: 'e03ecf03beddad8ced84d5d64ab34add') in 0.002281 seconds
  Import took 0.005289 seconds .

========================================================================
Received Prepare
Registering precompiled user dll's ...
Registered in 0.000808 seconds.
Begin MonoManager ReloadAssembly
Native extension for WindowsStandalone target not found
Native extension for WebGL target not found
Refreshing native plugins compatible for Editor in 0.31 ms, found 1 plugins.
Preloading 0 native plugins for Editor in 0.00 ms.
Mono: successfully reloaded assembly
- Completed reload, in  0.793 seconds
Platform modules already initialized, skipping
Refreshing native plugins compatible for Editor in 0.31 ms, found 1 plugins.
Preloading 0 native plugins for Editor in 0.00 ms.
Unloading 1813 Unused Serialized files (Serialized files now loaded: 0)
System memory in use before: 88.5 MB.
System memory in use after: 88.5 MB.

Unloading 12 unused Assets to reduce memory usage. Loaded Objects now: 2366.
Total: 2.061300 ms (FindLiveObjects: 0.214200 ms CreateObjectMapping: 0.064300 ms MarkObjects: 1.650700 ms  DeleteObjects: 0.131100 ms)

========================================================================
Received Prepare
Registering precompiled user dll's ...
Registered in 0.000804 seconds.
Begin MonoManager ReloadAssembly
Native extension for WindowsStandalone target not found
Native extension for WebGL target not found
Refreshing native plugins compatible for Editor in 0.33 ms, found 1 plugins.
Preloading 0 native plugins for Editor in 0.00 ms.
Mono: successfully reloaded assembly
- Completed reload, in  0.816 seconds
Platform modules already initialized, skipping
Refreshing native plugins compatible for Editor in 0.33 ms, found 1 plugins.
Preloading 0 native plugins for Editor in 0.00 ms.
Unloading 1813 Unused Serialized files (Serialized files now loaded: 0)
System memory in use before: 88.5 MB.
System memory in use after: 88.5 MB.

Unloading 12 unused Assets to reduce memory usage. Loaded Objects now: 2370.
Total: 2.508900 ms (FindLiveObjects: 0.287000 ms CreateObjectMapping: 0.094900 ms MarkObjects: 1.990800 ms  DeleteObjects: 0.135200 ms)

========================================================================
Received Prepare
Registering precompiled user dll's ...
Registered in 0.000844 seconds.
Begin MonoManager ReloadAssembly
Native extension for WindowsStandalone target not found
Native extension for WebGL target not found
Refreshing native plugins compatible for Editor in 0.31 ms, found 1 plugins.
Preloading 0 native plugins for Editor in 0.00 ms.
Mono: successfully reloaded assembly
- Completed reload, in  0.808 seconds
Platform modules already initialized, skipping
Refreshing native plugins compatible for Editor in 0.30 ms, found 1 plugins.
Preloading 0 native plugins for Editor in 0.00 ms.
Unloading 1813 Unused Serialized files (Serialized files now loaded: 0)
System memory in use before: 88.5 MB.
System memory in use after: 88.5 MB.

Unloading 12 unused Assets to reduce memory usage. Loaded Objects now: 2374.
Total: 2.395000 ms (FindLiveObjects: 0.362100 ms CreateObjectMapping: 0.100300 ms MarkObjects: 1.809400 ms  DeleteObjects: 0.122000 ms)

========================================================================
Received Prepare
Registering precompiled user dll's ...
Registered in 0.000794 seconds.
Begin MonoManager ReloadAssembly
Native extension for WindowsStandalone target not found
Native extension for WebGL target not found
Refreshing native plugins compatible for Editor in 0.63 ms, found 1 plugins.
Preloading 0 native plugins for Editor in 0.00 ms.
Mono: successfully reloaded assembly
- Completed reload, in  0.842 seconds
Platform modules already initialized, skipping
Refreshing native plugins compatible for Editor in 0.31 ms, found 1 plugins.
Preloading 0 native plugins for Editor in 0.00 ms.
Unloading 1813 Unused Serialized files (Serialized files now loaded: 0)
System memory in use before: 88.5 MB.
System memory in use after: 88.5 MB.

Unloading 12 unused Assets to reduce memory usage. Loaded Objects now: 2378.
Total: 2.089200 ms (FindLiveObjects: 0.206200 ms CreateObjectMapping: 0.064500 ms MarkObjects: 1.687800 ms  DeleteObjects: 0.129900 ms)

========================================================================
Received Prepare
Registering precompiled user dll's ...
Registered in 0.000792 seconds.
Begin MonoManager ReloadAssembly
Native extension for WindowsStandalone target not found
Native extension for WebGL target not found
Refreshing native plugins compatible for Editor in 0.37 ms, found 1 plugins.
Preloading 0 native plugins for Editor in 0.00 ms.
Mono: successfully reloaded assembly
- Completed reload, in  0.807 seconds
Platform modules already initialized, skipping
Refreshing native plugins compatible for Editor in 0.31 ms, found 1 plugins.
Preloading 0 native plugins for Editor in 0.00 ms.
Unloading 1813 Unused Serialized files (Serialized files now loaded: 0)
System memory in use before: 88.5 MB.
System memory in use after: 88.5 MB.

Unloading 12 unused Assets to reduce memory usage. Loaded Objects now: 2382.
Total: 2.016700 ms (FindLiveObjects: 0.163800 ms CreateObjectMapping: 0.062000 ms MarkObjects: 1.659300 ms  DeleteObjects: 0.130800 ms)

========================================================================
Received Prepare
Registering precompiled user dll's ...
Registered in 0.000885 seconds.
Begin MonoManager ReloadAssembly
Native extension for WindowsStandalone target not found
Native extension for WebGL target not found
Refreshing native plugins compatible for Editor in 0.31 ms, found 1 plugins.
Preloading 0 native plugins for Editor in 0.00 ms.
Mono: successfully reloaded assembly
- Completed reload, in  0.864 seconds
Platform modules already initialized, skipping
Refreshing native plugins compatible for Editor in 0.51 ms, found 1 plugins.
Preloading 0 native plugins for Editor in 0.00 ms.
Unloading 1813 Unused Serialized files (Serialized files now loaded: 0)
System memory in use before: 88.5 MB.
System memory in use after: 88.5 MB.

Unloading 12 unused Assets to reduce memory usage. Loaded Objects now: 2386.
Total: 2.023000 ms (FindLiveObjects: 0.250500 ms CreateObjectMapping: 0.096200 ms MarkObjects: 1.545400 ms  DeleteObjects: 0.129400 ms)

========================================================================
Received Prepare
Registering precompiled user dll's ...
Registered in 0.000836 seconds.
Begin MonoManager ReloadAssembly
Native extension for WindowsStandalone target not found
Native extension for WebGL target not found
Refreshing native plugins compatible for Editor in 0.32 ms, found 1 plugins.
Preloading 0 native plugins for Editor in 0.00 ms.
Mono: successfully reloaded assembly
- Completed reload, in  0.859 seconds
Platform modules already initialized, skipping
Refreshing native plugins compatible for Editor in 0.33 ms, found 1 plugins.
Preloading 0 native plugins for Editor in 0.00 ms.
Unloading 1813 Unused Serialized files (Serialized files now loaded: 0)
System memory in use before: 88.6 MB.
System memory in use after: 88.5 MB.

Unloading 12 unused Assets to reduce memory usage. Loaded Objects now: 2390.
Total: 2.587500 ms (FindLiveObjects: 0.346300 ms CreateObjectMapping: 0.061800 ms MarkObjects: 2.063900 ms  DeleteObjects: 0.113900 ms)

========================================================================
Received Import Request.
  Time since last request: 1299.974452 seconds.
  path: Assets/scripts/playerCollisionCheck.cs
  artifactKey: Guid(06f62f1bd41090d449246d203313a97c) Importer(815301076,1909f56bfc062723c751e8b465ee728b)
Start importing Assets/scripts/playerCollisionCheck.cs using Guid(06f62f1bd41090d449246d203313a97c) Importer(815301076,1909f56bfc062723c751e8b465ee728b)  -> (artifact id: '0f21b21929dcbd8ec7f8e28fb57b9fd8') in 0.004312 seconds
  Import took 0.007311 seconds .

========================================================================
Received Prepare
Registering precompiled user dll's ...
Registered in 0.001025 seconds.
Begin MonoManager ReloadAssembly
Native extension for WindowsStandalone target not found
Native extension for WebGL target not found
Refreshing native plugins compatible for Editor in 0.34 ms, found 1 plugins.
Preloading 0 native plugins for Editor in 0.00 ms.
Mono: successfully reloaded assembly
- Completed reload, in  0.807 seconds
Platform modules already initialized, skipping
Refreshing native plugins compatible for Editor in 0.30 ms, found 1 plugins.
Preloading 0 native plugins for Editor in 0.00 ms.
Unloading 1813 Unused Serialized files (Serialized files now loaded: 0)
System memory in use before: 88.6 MB.
System memory in use after: 88.5 MB.

Unloading 12 unused Assets to reduce memory usage. Loaded Objects now: 2394.
Total: 2.451500 ms (FindLiveObjects: 0.340100 ms CreateObjectMapping: 0.117000 ms MarkObjects: 1.854600 ms  DeleteObjects: 0.138400 ms)

========================================================================
Received Import Request.
  Time since last request: 402.426335 seconds.
  path: Assets/stuff/Square (1).prefab
  artifactKey: Guid(56f31035213fe084f838635c7727f089) Importer(815301076,1909f56bfc062723c751e8b465ee728b)
Start importing Assets/stuff/Square (1).prefab using Guid(56f31035213fe084f838635c7727f089) Importer(815301076,1909f56bfc062723c751e8b465ee728b)  -> (artifact id: 'c64a515cc9cc36bf1dceed25f8a14dd1') in 0.056154 seconds
  Import took 0.060375 seconds .

========================================================================
Received Import Request.
  Time since last request: 270.848698 seconds.
  path: Assets/beetrootDown.prefab
  artifactKey: Guid(3ee45373d63dbca45b871298d7fafbdc) Importer(815301076,1909f56bfc062723c751e8b465ee728b)
Start importing Assets/beetrootDown.prefab using Guid(3ee45373d63dbca45b871298d7fafbdc) Importer(815301076,1909f56bfc062723c751e8b465ee728b)  -> (artifact id: '732d8f728ae282503cc474805a072025') in 0.009283 seconds
  Import took 0.013008 seconds .

========================================================================
Received Import Request.
  Time since last request: 0.017870 seconds.
  path: Assets/beetrootDown.prefab
  artifactKey: Guid(3ee45373d63dbca45b871298d7fafbdc) Importer(815301076,1909f56bfc062723c751e8b465ee728b)
Start importing Assets/beetrootDown.prefab using Guid(3ee45373d63dbca45b871298d7fafbdc) Importer(815301076,1909f56bfc062723c751e8b465ee728b)  -> (artifact id: '732d8f728ae282503cc474805a072025') in 0.008002 seconds
  Import took 0.011370 seconds .

========================================================================
Received Import Request.
  Time since last request: 138.968715 seconds.
  path: Assets/beetrootLeft.prefab
  artifactKey: Guid(94b819af9ff26e142b125ff706cb3701) Importer(815301076,1909f56bfc062723c751e8b465ee728b)
Start importing Assets/beetrootLeft.prefab using Guid(94b819af9ff26e142b125ff706cb3701) Importer(815301076,1909f56bfc062723c751e8b465ee728b)  -> (artifact id: '0af1222301bfa2d0ce790214086baf6f') in 0.009045 seconds
  Import took 0.011962 seconds .

========================================================================
Received Import Request.
  Time since last request: 0.002485 seconds.
  path: Assets/beetrootLeft.prefab
  artifactKey: Guid(94b819af9ff26e142b125ff706cb3701) Importer(815301076,1909f56bfc062723c751e8b465ee728b)
Start importing Assets/beetrootLeft.prefab using Guid(94b819af9ff26e142b125ff706cb3701) Importer(815301076,1909f56bfc062723c751e8b465ee728b)  -> (artifact id: '0af1222301bfa2d0ce790214086baf6f') in 0.007771 seconds
  Import took 0.010921 seconds .

========================================================================
Received Import Request.
  Time since last request: 29.269613 seconds.
  path: Assets/beetrootLeft.prefab
  artifactKey: Guid(94b819af9ff26e142b125ff706cb3701) Importer(815301076,1909f56bfc062723c751e8b465ee728b)
Start importing Assets/beetrootLeft.prefab using Guid(94b819af9ff26e142b125ff706cb3701) Importer(815301076,1909f56bfc062723c751e8b465ee728b)  -> (artifact id: '44f8213cdf1d63213a31628b6b8d709d') in 0.008797 seconds
  Import took 0.011870 seconds .

========================================================================
Received Import Request.
  Time since last request: 98.203066 seconds.
  path: Assets/beetrootDown.prefab
  artifactKey: Guid(3ee45373d63dbca45b871298d7fafbdc) Importer(815301076,1909f56bfc062723c751e8b465ee728b)
Start importing Assets/beetrootDown.prefab using Guid(3ee45373d63dbca45b871298d7fafbdc) Importer(815301076,1909f56bfc062723c751e8b465ee728b)  -> (artifact id: '73924701505e59bb905df9e61630f655') in 0.011007 seconds
  Import took 0.013909 seconds .

========================================================================
Received Prepare
Registering precompiled user dll's ...
Registered in 0.001223 seconds.
Begin MonoManager ReloadAssembly
Native extension for WindowsStandalone target not found
Native extension for WebGL target not found
Refreshing native plugins compatible for Editor in 0.31 ms, found 1 plugins.
Preloading 0 native plugins for Editor in 0.00 ms.
Mono: successfully reloaded assembly
- Completed reload, in  0.831 seconds
Platform modules already initialized, skipping
Refreshing native plugins compatible for Editor in 0.30 ms, found 1 plugins.
Preloading 0 native plugins for Editor in 0.00 ms.
Unloading 1813 Unused Serialized files (Serialized files now loaded: 0)
System memory in use before: 88.5 MB.
System memory in use after: 88.5 MB.

Unloading 12 unused Assets to reduce memory usage. Loaded Objects now: 2399.
Total: 2.469300 ms (FindLiveObjects: 0.351800 ms CreateObjectMapping: 0.064300 ms MarkObjects: 1.913500 ms  DeleteObjects: 0.138500 ms)

========================================================================
Received Prepare
Registering precompiled user dll's ...
Registered in 0.000964 seconds.
Begin MonoManager ReloadAssembly
Native extension for WindowsStandalone target not found
Native extension for WebGL target not found
Refreshing native plugins compatible for Editor in 0.31 ms, found 1 plugins.
Preloading 0 native plugins for Editor in 0.00 ms.
Mono: successfully reloaded assembly
- Completed reload, in  0.802 seconds
Platform modules already initialized, skipping
Refreshing native plugins compatible for Editor in 0.37 ms, found 1 plugins.
Preloading 0 native plugins for Editor in 0.00 ms.
Unloading 1813 Unused Serialized files (Serialized files now loaded: 0)
System memory in use before: 88.5 MB.
System memory in use after: 88.5 MB.

Unloading 12 unused Assets to reduce memory usage. Loaded Objects now: 2403.
Total: 2.629100 ms (FindLiveObjects: 0.297600 ms CreateObjectMapping: 0.074900 ms MarkObjects: 2.154700 ms  DeleteObjects: 0.100600 ms)

AssetImportWorkerClient::OnTransportError - code=2 error=End of file
